[0.112s] DEBUG:colcon:Command line arguments: ['/usr/bin/colcon', 'build', '--symlink-install']
[0.112s] DEBUG:colcon:Parsed command line arguments: Namespace(log_base=None, log_level=None, verb_name='build', build_base='build', install_base='install', merge_install=False, symlink_install=True, test_result_base=None, continue_on_error=False, executor='parallel', parallel_workers=12, event_handlers=None, ignore_user_meta=False, metas=['./colcon.meta'], base_paths=['.'], packages_ignore=None, packages_ignore_regex=None, paths=None, packages_up_to=None, packages_up_to_regex=None, packages_above=None, packages_above_and_dependencies=None, packages_above_depth=None, packages_select_by_dep=None, packages_skip_by_dep=None, packages_skip_up_to=None, packages_select_build_failed=False, packages_skip_build_finished=False, packages_select_test_failures=False, packages_skip_test_passed=False, packages_select=None, packages_skip=None, packages_select_regex=None, packages_skip_regex=None, packages_start=None, packages_end=None, allow_overriding=[], cmake_args=None, cmake_target=None, cmake_target_skip_unavailable=False, cmake_clean_cache=False, cmake_clean_first=False, cmake_force_configure=False, ament_cmake_args=None, catkin_cmake_args=None, catkin_skip_building_tests=False, verb_parser=<colcon_defaults.argument_parser.defaults.DefaultArgumentsDecorator object at 0x7525755eff40>, verb_extension=<colcon_core.verb.build.BuildVerb object at 0x7525755ef9a0>, main=<bound method BuildVerb.main of <colcon_core.verb.build.BuildVerb object at 0x7525755ef9a0>>)
[0.279s] Level 1:colcon.colcon_core.package_discovery:discover_packages(colcon_meta) check parameters
[0.279s] Level 1:colcon.colcon_core.package_discovery:discover_packages(recursive) check parameters
[0.279s] Level 1:colcon.colcon_core.package_discovery:discover_packages(ignore) check parameters
[0.279s] Level 1:colcon.colcon_core.package_discovery:discover_packages(path) check parameters
[0.280s] Level 1:colcon.colcon_core.package_discovery:discover_packages(colcon_meta) discover
[0.280s] Level 1:colcon.colcon_core.package_discovery:discover_packages(recursive) discover
[0.280s] INFO:colcon.colcon_core.package_discovery:Crawling recursively for packages in '/home/eniola/Task4solution/task4workspace/kuka_description'
[0.280s] Level 1:colcon.colcon_core.package_identification:_identify(.) by extensions ['ignore', 'ignore_ament_install']
[0.280s] Level 1:colcon.colcon_core.package_identification:_identify(.) by extension 'ignore'
[0.280s] Level 1:colcon.colcon_core.package_identification:_identify(.) by extension 'ignore_ament_install'
[0.280s] Level 1:colcon.colcon_core.package_identification:_identify(.) by extensions ['colcon_pkg']
[0.280s] Level 1:colcon.colcon_core.package_identification:_identify(.) by extension 'colcon_pkg'
[0.280s] Level 1:colcon.colcon_core.package_identification:_identify(.) by extensions ['colcon_meta']
[0.280s] Level 1:colcon.colcon_core.package_identification:_identify(.) by extension 'colcon_meta'
[0.280s] Level 1:colcon.colcon_core.package_identification:_identify(.) by extensions ['ros']
[0.280s] Level 1:colcon.colcon_core.package_identification:_identify(.) by extension 'ros'
[0.295s] DEBUG:colcon.colcon_core.package_identification:Package '.' with type 'ros.ament_cmake' and name 'kuka_description'
[0.295s] Level 1:colcon.colcon_core.package_discovery:discover_packages(recursive) using defaults
[0.296s] Level 1:colcon.colcon_core.package_discovery:discover_packages(ignore) discover
[0.296s] Level 1:colcon.colcon_core.package_discovery:discover_packages(ignore) using defaults
[0.296s] Level 1:colcon.colcon_core.package_discovery:discover_packages(path) discover
[0.296s] Level 1:colcon.colcon_core.package_discovery:discover_packages(path) using defaults
[0.316s] Level 1:colcon.colcon_core.package_discovery:discover_packages(prefix_path) check parameters
[0.316s] Level 1:colcon.colcon_core.package_discovery:discover_packages(prefix_path) discover
[0.318s] DEBUG:colcon.colcon_installed_package_information.package_discovery:Found 319 installed packages in /opt/ros/humble
[0.332s] Level 1:colcon.colcon_core.package_discovery:discover_packages(prefix_path) using defaults
[0.374s] Level 5:colcon.colcon_core.verb:set package 'kuka_description' build argument 'cmake_args' from command line to 'None'
[0.374s] Level 5:colcon.colcon_core.verb:set package 'kuka_description' build argument 'cmake_target' from command line to 'None'
[0.374s] Level 5:colcon.colcon_core.verb:set package 'kuka_description' build argument 'cmake_target_skip_unavailable' from command line to 'False'
[0.374s] Level 5:colcon.colcon_core.verb:set package 'kuka_description' build argument 'cmake_clean_cache' from command line to 'False'
[0.375s] Level 5:colcon.colcon_core.verb:set package 'kuka_description' build argument 'cmake_clean_first' from command line to 'False'
[0.375s] Level 5:colcon.colcon_core.verb:set package 'kuka_description' build argument 'cmake_force_configure' from command line to 'False'
[0.375s] Level 5:colcon.colcon_core.verb:set package 'kuka_description' build argument 'ament_cmake_args' from command line to 'None'
[0.375s] Level 5:colcon.colcon_core.verb:set package 'kuka_description' build argument 'catkin_cmake_args' from command line to 'None'
[0.375s] Level 5:colcon.colcon_core.verb:set package 'kuka_description' build argument 'catkin_skip_building_tests' from command line to 'False'
[0.375s] DEBUG:colcon.colcon_core.verb:Building package 'kuka_description' with the following arguments: {'ament_cmake_args': None, 'build_base': '/home/eniola/Task4solution/task4workspace/kuka_description/build/kuka_description', 'catkin_cmake_args': None, 'catkin_skip_building_tests': False, 'cmake_args': None, 'cmake_clean_cache': False, 'cmake_clean_first': False, 'cmake_force_configure': False, 'cmake_target': None, 'cmake_target_skip_unavailable': False, 'install_base': '/home/eniola/Task4solution/task4workspace/kuka_description/install/kuka_description', 'merge_install': False, 'path': '/home/eniola/Task4solution/task4workspace/kuka_description', 'symlink_install': True, 'test_result_base': None}
[0.375s] INFO:colcon.colcon_core.executor:Executing jobs using 'parallel' executor
[0.377s] DEBUG:colcon.colcon_parallel_executor.executor.parallel:run_until_complete
[0.378s] INFO:colcon.colcon_ros.task.ament_cmake.build:Building ROS package in '/home/eniola/Task4solution/task4workspace/kuka_description' with build type 'ament_cmake'
[0.378s] INFO:colcon.colcon_cmake.task.cmake.build:Building CMake package in '/home/eniola/Task4solution/task4workspace/kuka_description'
[0.379s] INFO:colcon.colcon_core.plugin_system:Skipping extension 'colcon_core.shell.bat': Not used on non-Windows systems
[0.379s] INFO:colcon.colcon_core.shell:Skip shell extension 'powershell' for command environment: Not usable outside of PowerShell
[0.379s] DEBUG:colcon.colcon_core.shell:Skip shell extension 'dsv' for command environment
[0.393s] DEBUG:colcon.colcon_core.event_handler.log_command:Invoking command in '/home/eniola/Task4solution/task4workspace/kuka_description/build/kuka_description': CMAKE_PREFIX_PATH=/opt/ros/humble /usr/bin/cmake /home/eniola/Task4solution/task4workspace/kuka_description -DAMENT_CMAKE_SYMLINK_INSTALL=1 -DCMAKE_INSTALL_PREFIX=/home/eniola/Task4solution/task4workspace/kuka_description/install/kuka_description
[0.732s] DEBUG:colcon.colcon_core.event_handler.log_command:Invoked command in '/home/eniola/Task4solution/task4workspace/kuka_description/build/kuka_description' returned '0': CMAKE_PREFIX_PATH=/opt/ros/humble /usr/bin/cmake /home/eniola/Task4solution/task4workspace/kuka_description -DAMENT_CMAKE_SYMLINK_INSTALL=1 -DCMAKE_INSTALL_PREFIX=/home/eniola/Task4solution/task4workspace/kuka_description/install/kuka_description
[0.737s] DEBUG:colcon.colcon_core.event_handler.log_command:Invoking command in '/home/eniola/Task4solution/task4workspace/kuka_description/build/kuka_description': CMAKE_PREFIX_PATH=/opt/ros/humble /usr/bin/cmake --build /home/eniola/Task4solution/task4workspace/kuka_description/build/kuka_description -- -j12 -l12
[1.094s] DEBUG:colcon.colcon_core.event_handler.log_command:Invoked command in '/home/eniola/Task4solution/task4workspace/kuka_description/build/kuka_description' returned '0': CMAKE_PREFIX_PATH=/opt/ros/humble /usr/bin/cmake --build /home/eniola/Task4solution/task4workspace/kuka_description/build/kuka_description -- -j12 -l12
[1.111s] DEBUG:colcon.colcon_core.event_handler.log_command:Invoking command in '/home/eniola/Task4solution/task4workspace/kuka_description/build/kuka_description': CMAKE_PREFIX_PATH=/opt/ros/humble /usr/bin/cmake --install /home/eniola/Task4solution/task4workspace/kuka_description/build/kuka_description
[1.137s] Level 1:colcon.colcon_core.environment:create_environment_scripts_only(kuka_description)
[1.140s] DEBUG:colcon.colcon_core.event_handler.log_command:Invoked command in '/home/eniola/Task4solution/task4workspace/kuka_description/build/kuka_description' returned '0': CMAKE_PREFIX_PATH=/opt/ros/humble /usr/bin/cmake --install /home/eniola/Task4solution/task4workspace/kuka_description/build/kuka_description
[1.145s] Level 1:colcon.colcon_core.environment:checking '/home/eniola/Task4solution/task4workspace/kuka_description/install/kuka_description' for CMake module files
[1.146s] Level 1:colcon.colcon_core.environment:checking '/home/eniola/Task4solution/task4workspace/kuka_description/install/kuka_description' for CMake config files
[1.147s] Level 1:colcon.colcon_core.shell:create_environment_hook('kuka_description', 'cmake_prefix_path')
[1.147s] INFO:colcon.colcon_core.shell:Creating environment hook '/home/eniola/Task4solution/task4workspace/kuka_description/install/kuka_description/share/kuka_description/hook/cmake_prefix_path.ps1'
[1.148s] INFO:colcon.colcon_core.shell:Creating environment descriptor '/home/eniola/Task4solution/task4workspace/kuka_description/install/kuka_description/share/kuka_description/hook/cmake_prefix_path.dsv'
[1.148s] INFO:colcon.colcon_core.shell:Creating environment hook '/home/eniola/Task4solution/task4workspace/kuka_description/install/kuka_description/share/kuka_description/hook/cmake_prefix_path.sh'
[1.150s] Level 1:colcon.colcon_core.environment:checking '/home/eniola/Task4solution/task4workspace/kuka_description/install/kuka_description/bin'
[1.150s] Level 1:colcon.colcon_core.environment:checking '/home/eniola/Task4solution/task4workspace/kuka_description/install/kuka_description/lib/pkgconfig/kuka_description.pc'
[1.150s] Level 1:colcon.colcon_core.environment:checking '/home/eniola/Task4solution/task4workspace/kuka_description/install/kuka_description/lib/python3.10/site-packages'
[1.150s] Level 1:colcon.colcon_core.environment:checking '/home/eniola/Task4solution/task4workspace/kuka_description/install/kuka_description/bin'
[1.151s] INFO:colcon.colcon_core.shell:Creating package script '/home/eniola/Task4solution/task4workspace/kuka_description/install/kuka_description/share/kuka_description/package.ps1'
[1.152s] INFO:colcon.colcon_core.shell:Creating package descriptor '/home/eniola/Task4solution/task4workspace/kuka_description/install/kuka_description/share/kuka_description/package.dsv'
[1.153s] INFO:colcon.colcon_core.shell:Creating package script '/home/eniola/Task4solution/task4workspace/kuka_description/install/kuka_description/share/kuka_description/package.sh'
[1.155s] INFO:colcon.colcon_core.shell:Creating package script '/home/eniola/Task4solution/task4workspace/kuka_description/install/kuka_description/share/kuka_description/package.bash'
[1.157s] INFO:colcon.colcon_core.shell:Creating package script '/home/eniola/Task4solution/task4workspace/kuka_description/install/kuka_description/share/kuka_description/package.zsh'
[1.158s] Level 1:colcon.colcon_core.environment:create_file_with_runtime_dependencies(/home/eniola/Task4solution/task4workspace/kuka_description/install/kuka_description/share/colcon-core/packages/kuka_description)
[1.159s] Level 1:colcon.colcon_core.environment:create_environment_scripts_only(kuka_description)
[1.159s] Level 1:colcon.colcon_core.environment:checking '/home/eniola/Task4solution/task4workspace/kuka_description/install/kuka_description' for CMake module files
[1.159s] Level 1:colcon.colcon_core.environment:checking '/home/eniola/Task4solution/task4workspace/kuka_description/install/kuka_description' for CMake config files
[1.160s] Level 1:colcon.colcon_core.shell:create_environment_hook('kuka_description', 'cmake_prefix_path')
[1.160s] INFO:colcon.colcon_core.shell:Creating environment hook '/home/eniola/Task4solution/task4workspace/kuka_description/install/kuka_description/share/kuka_description/hook/cmake_prefix_path.ps1'
[1.160s] INFO:colcon.colcon_core.shell:Creating environment descriptor '/home/eniola/Task4solution/task4workspace/kuka_description/install/kuka_description/share/kuka_description/hook/cmake_prefix_path.dsv'
[1.161s] INFO:colcon.colcon_core.shell:Creating environment hook '/home/eniola/Task4solution/task4workspace/kuka_description/install/kuka_description/share/kuka_description/hook/cmake_prefix_path.sh'
[1.161s] Level 1:colcon.colcon_core.environment:checking '/home/eniola/Task4solution/task4workspace/kuka_description/install/kuka_description/bin'
[1.161s] Level 1:colcon.colcon_core.environment:checking '/home/eniola/Task4solution/task4workspace/kuka_description/install/kuka_description/lib/pkgconfig/kuka_description.pc'
[1.162s] Level 1:colcon.colcon_core.environment:checking '/home/eniola/Task4solution/task4workspace/kuka_description/install/kuka_description/lib/python3.10/site-packages'
[1.162s] Level 1:colcon.colcon_core.environment:checking '/home/eniola/Task4solution/task4workspace/kuka_description/install/kuka_description/bin'
[1.162s] INFO:colcon.colcon_core.shell:Creating package script '/home/eniola/Task4solution/task4workspace/kuka_description/install/kuka_description/share/kuka_description/package.ps1'
[1.163s] INFO:colcon.colcon_core.shell:Creating package descriptor '/home/eniola/Task4solution/task4workspace/kuka_description/install/kuka_description/share/kuka_description/package.dsv'
[1.163s] INFO:colcon.colcon_core.shell:Creating package script '/home/eniola/Task4solution/task4workspace/kuka_description/install/kuka_description/share/kuka_description/package.sh'
[1.163s] INFO:colcon.colcon_core.shell:Creating package script '/home/eniola/Task4solution/task4workspace/kuka_description/install/kuka_description/share/kuka_description/package.bash'
[1.164s] INFO:colcon.colcon_core.shell:Creating package script '/home/eniola/Task4solution/task4workspace/kuka_description/install/kuka_description/share/kuka_description/package.zsh'
[1.164s] Level 1:colcon.colcon_core.environment:create_file_with_runtime_dependencies(/home/eniola/Task4solution/task4workspace/kuka_description/install/kuka_description/share/colcon-core/packages/kuka_description)
[1.164s] DEBUG:colcon.colcon_parallel_executor.executor.parallel:closing loop
[1.165s] DEBUG:colcon.colcon_parallel_executor.executor.parallel:loop closed
[1.165s] DEBUG:colcon.colcon_parallel_executor.executor.parallel:run_until_complete finished with '0'
[1.165s] DEBUG:colcon.colcon_core.event_reactor:joining thread
[1.179s] INFO:colcon.colcon_core.plugin_system:Skipping extension 'colcon_notification.desktop_notification.terminal_notifier': Not used on non-Darwin systems
[1.179s] INFO:colcon.colcon_core.plugin_system:Skipping extension 'colcon_notification.desktop_notification.win32': Not used on non-Windows systems
[1.179s] INFO:colcon.colcon_notification.desktop_notification:Sending desktop notification using 'notify2'
[1.194s] DEBUG:colcon.colcon_core.event_reactor:joined thread
[1.195s] INFO:colcon.colcon_core.shell:Creating prefix script '/home/eniola/Task4solution/task4workspace/kuka_description/install/local_setup.ps1'
[1.197s] INFO:colcon.colcon_core.shell:Creating prefix util module '/home/eniola/Task4solution/task4workspace/kuka_description/install/_local_setup_util_ps1.py'
[1.198s] INFO:colcon.colcon_core.shell:Creating prefix chain script '/home/eniola/Task4solution/task4workspace/kuka_description/install/setup.ps1'
[1.199s] INFO:colcon.colcon_core.shell:Creating prefix script '/home/eniola/Task4solution/task4workspace/kuka_description/install/local_setup.sh'
[1.200s] INFO:colcon.colcon_core.shell:Creating prefix util module '/home/eniola/Task4solution/task4workspace/kuka_description/install/_local_setup_util_sh.py'
[1.200s] INFO:colcon.colcon_core.shell:Creating prefix chain script '/home/eniola/Task4solution/task4workspace/kuka_description/install/setup.sh'
[1.201s] INFO:colcon.colcon_core.shell:Creating prefix script '/home/eniola/Task4solution/task4workspace/kuka_description/install/local_setup.bash'
[1.202s] INFO:colcon.colcon_core.shell:Creating prefix chain script '/home/eniola/Task4solution/task4workspace/kuka_description/install/setup.bash'
[1.203s] INFO:colcon.colcon_core.shell:Creating prefix script '/home/eniola/Task4solution/task4workspace/kuka_description/install/local_setup.zsh'
[1.205s] INFO:colcon.colcon_core.shell:Creating prefix chain script '/home/eniola/Task4solution/task4workspace/kuka_description/install/setup.zsh'
