[0.010s] Invoking command in '/home/eniola/Task4solution/task4workspace/build/kuka_description': CMAKE_PREFIX_PATH=/opt/ros/humble /usr/bin/cmake --build /home/eniola/Task4solution/task4workspace/build/kuka_description -- -j12 -l12
[0.035s] -- Found ament_cmake: 1.3.12 (/opt/ros/humble/share/ament_cmake/cmake)
[0.153s] -- Found ament_lint_auto: 0.12.14 (/opt/ros/humble/share/ament_lint_auto/cmake)
[0.211s] -- Added test 'cppcheck' to perform static code analysis on C / C++ code
[0.211s] -- Configured cppcheck include dirs: 
[0.211s] -- Configured cppcheck exclude dirs and/or files: 
[0.212s] -- Added test 'flake8' to check Python code syntax and style conventions
[0.214s] -- Added test 'lint_cmake' to check CMake code style
[0.215s] -- Added test 'pep257' to check Python code against some of the docstring style conventions in PEP 257
[0.222s] -- Added test 'uncrustify' to check C / C++ code style
[0.222s] -- Configured uncrustify additional arguments: 
[0.223s] -- Added test 'xmllint' to check XML markup files
[0.224s] -- Configuring done
[0.225s] -- Generating done
[0.227s] -- Build files have been written to: /home/eniola/Task4solution/task4workspace/build/kuka_description
[0.250s] Invoked command in '/home/eniola/Task4solution/task4workspace/build/kuka_description' returned '0': CMAKE_PREFIX_PATH=/opt/ros/humble /usr/bin/cmake --build /home/eniola/Task4solution/task4workspace/build/kuka_description -- -j12 -l12
[0.259s] Invoking command in '/home/eniola/Task4solution/task4workspace/build/kuka_description': CMAKE_PREFIX_PATH=/opt/ros/humble /usr/bin/cmake --install /home/eniola/Task4solution/task4workspace/build/kuka_description
[0.264s] -- Install configuration: ""
[0.265s] -- Up-to-date: /home/eniola/Task4solution/task4workspace/install/kuka_description/share/kuka_description//meshes
[0.265s] -- Up-to-date: /home/eniola/Task4solution/task4workspace/install/kuka_description/share/kuka_description//meshes/link_5.dae
[0.265s] -- Up-to-date: /home/eniola/Task4solution/task4workspace/install/kuka_description/share/kuka_description//meshes/link_7.dae
[0.265s] -- Up-to-date: /home/eniola/Task4solution/task4workspace/install/kuka_description/share/kuka_description//meshes/link_4.dae
[0.265s] -- Up-to-date: /home/eniola/Task4solution/task4workspace/install/kuka_description/share/kuka_description//meshes/link_3.dae
[0.265s] -- Up-to-date: /home/eniola/Task4solution/task4workspace/install/kuka_description/share/kuka_description//meshes/link_6.dae
[0.265s] -- Up-to-date: /home/eniola/Task4solution/task4workspace/install/kuka_description/share/kuka_description//meshes/link_0.dae
[0.265s] -- Up-to-date: /home/eniola/Task4solution/task4workspace/install/kuka_description/share/kuka_description//meshes/link_1.dae
[0.265s] -- Up-to-date: /home/eniola/Task4solution/task4workspace/install/kuka_description/share/kuka_description//meshes/link_2.dae
[0.266s] -- Up-to-date: /home/eniola/Task4solution/task4workspace/install/kuka_description/share/kuka_description//urdf
[0.266s] -- Up-to-date: /home/eniola/Task4solution/task4workspace/install/kuka_description/share/kuka_description//urdf/kuka.urdf
[0.266s] -- Up-to-date: /home/eniola/Task4solution/task4workspace/install/kuka_description/share/ament_index/resource_index/package_run_dependencies/kuka_description
[0.266s] -- Up-to-date: /home/eniola/Task4solution/task4workspace/install/kuka_description/share/ament_index/resource_index/parent_prefix_path/kuka_description
[0.266s] -- Up-to-date: /home/eniola/Task4solution/task4workspace/install/kuka_description/share/kuka_description/environment/ament_prefix_path.sh
[0.266s] -- Installing: /home/eniola/Task4solution/task4workspace/install/kuka_description/share/kuka_description/environment/ament_prefix_path.dsv
[0.266s] -- Up-to-date: /home/eniola/Task4solution/task4workspace/install/kuka_description/share/kuka_description/environment/path.sh
[0.266s] -- Installing: /home/eniola/Task4solution/task4workspace/install/kuka_description/share/kuka_description/environment/path.dsv
[0.266s] -- Up-to-date: /home/eniola/Task4solution/task4workspace/install/kuka_description/share/kuka_description/local_setup.bash
[0.267s] -- Up-to-date: /home/eniola/Task4solution/task4workspace/install/kuka_description/share/kuka_description/local_setup.sh
[0.267s] -- Up-to-date: /home/eniola/Task4solution/task4workspace/install/kuka_description/share/kuka_description/local_setup.zsh
[0.267s] -- Installing: /home/eniola/Task4solution/task4workspace/install/kuka_description/share/kuka_description/local_setup.dsv
[0.267s] -- Installing: /home/eniola/Task4solution/task4workspace/install/kuka_description/share/kuka_description/package.dsv
[0.267s] -- Up-to-date: /home/eniola/Task4solution/task4workspace/install/kuka_description/share/ament_index/resource_index/packages/kuka_description
[0.267s] -- Up-to-date: /home/eniola/Task4solution/task4workspace/install/kuka_description/share/kuka_description/cmake/kuka_descriptionConfig.cmake
[0.267s] -- Up-to-date: /home/eniola/Task4solution/task4workspace/install/kuka_description/share/kuka_description/cmake/kuka_descriptionConfig-version.cmake
[0.267s] -- Up-to-date: /home/eniola/Task4solution/task4workspace/install/kuka_description/share/kuka_description/package.xml
[0.269s] Invoked command in '/home/eniola/Task4solution/task4workspace/build/kuka_description' returned '0': CMAKE_PREFIX_PATH=/opt/ros/humble /usr/bin/cmake --install /home/eniola/Task4solution/task4workspace/build/kuka_description
