[0.010s] Invoking command in '/home/eniola/Task4solution/task4workspace/build/kuka_description': CMAKE_PREFIX_PATH=/opt/ros/humble /usr/bin/cmake /home/eniola/Task4solution/task4workspace/kuka_description -DCMAKE_INSTALL_PREFIX=/home/eniola/Task4solution/task4workspace/install/kuka_description
[0.067s] -- The C compiler identification is GNU 11.4.0
[0.116s] -- The CXX compiler identification is GNU 11.4.0
[0.121s] -- Detecting C compiler ABI info
[0.193s] -- Detecting C compiler ABI info - done
[0.202s] -- Check for working C compiler: /usr/bin/cc - skipped
[0.202s] -- Detecting C compile features
[0.202s] -- Detecting C compile features - done
[0.205s] -- Detecting CXX compiler ABI info
[0.284s] -- Detecting CXX compiler ABI info - done
[0.292s] -- Check for working CXX compiler: /usr/bin/c++ - skipped
[0.292s] -- Detecting CXX compile features
[0.292s] -- Detecting CXX compile features - done
[0.294s] -- Found ament_cmake: 1.3.12 (/opt/ros/humble/share/ament_cmake/cmake)
[0.424s] -- Found Python3: /usr/bin/python3 (found version "3.10.12") found components: Interpreter 
[0.494s] -- Found ament_lint_auto: 0.12.14 (/opt/ros/humble/share/ament_lint_auto/cmake)
[0.561s] -- Added test 'cppcheck' to perform static code analysis on C / C++ code
[0.561s] -- Configured cppcheck include dirs: 
[0.561s] -- Configured cppcheck exclude dirs and/or files: 
[0.562s] -- Added test 'flake8' to check Python code syntax and style conventions
[0.564s] -- Added test 'lint_cmake' to check CMake code style
[0.566s] -- Added test 'pep257' to check Python code against some of the docstring style conventions in PEP 257
[0.572s] -- Added test 'uncrustify' to check C / C++ code style
[0.572s] -- Configured uncrustify additional arguments: 
[0.573s] -- Added test 'xmllint' to check XML markup files
[0.574s] -- Configuring done
[0.576s] -- Generating done
[0.577s] -- Build files have been written to: /home/eniola/Task4solution/task4workspace/build/kuka_description
[0.581s] Invoked command in '/home/eniola/Task4solution/task4workspace/build/kuka_description' returned '0': CMAKE_PREFIX_PATH=/opt/ros/humble /usr/bin/cmake /home/eniola/Task4solution/task4workspace/kuka_description -DCMAKE_INSTALL_PREFIX=/home/eniola/Task4solution/task4workspace/install/kuka_description
[0.583s] Invoking command in '/home/eniola/Task4solution/task4workspace/build/kuka_description': CMAKE_PREFIX_PATH=/opt/ros/humble /usr/bin/cmake --build /home/eniola/Task4solution/task4workspace/build/kuka_description -- -j12 -l12
[0.604s] -- Found ament_cmake: 1.3.12 (/opt/ros/humble/share/ament_cmake/cmake)
[0.704s] -- Found ament_lint_auto: 0.12.14 (/opt/ros/humble/share/ament_lint_auto/cmake)
[0.765s] -- Added test 'cppcheck' to perform static code analysis on C / C++ code
[0.766s] -- Configured cppcheck include dirs: 
[0.766s] -- Configured cppcheck exclude dirs and/or files: 
[0.767s] -- Added test 'flake8' to check Python code syntax and style conventions
[0.769s] -- Added test 'lint_cmake' to check CMake code style
[0.770s] -- Added test 'pep257' to check Python code against some of the docstring style conventions in PEP 257
[0.776s] -- Added test 'uncrustify' to check C / C++ code style
[0.776s] -- Configured uncrustify additional arguments: 
[0.777s] -- Added test 'xmllint' to check XML markup files
[0.777s] -- Configuring done
[0.779s] -- Generating done
[0.780s] -- Build files have been written to: /home/eniola/Task4solution/task4workspace/build/kuka_description
[0.798s] Invoked command in '/home/eniola/Task4solution/task4workspace/build/kuka_description' returned '0': CMAKE_PREFIX_PATH=/opt/ros/humble /usr/bin/cmake --build /home/eniola/Task4solution/task4workspace/build/kuka_description -- -j12 -l12
[0.808s] Invoking command in '/home/eniola/Task4solution/task4workspace/build/kuka_description': CMAKE_PREFIX_PATH=/opt/ros/humble /usr/bin/cmake --install /home/eniola/Task4solution/task4workspace/build/kuka_description
[0.815s] -- Install configuration: ""
[0.815s] -- Installing: /home/eniola/Task4solution/task4workspace/install/kuka_description/share/kuka_description//meshes
[0.815s] -- Installing: /home/eniola/Task4solution/task4workspace/install/kuka_description/share/kuka_description//meshes/link_5.dae
[0.816s] -- Installing: /home/eniola/Task4solution/task4workspace/install/kuka_description/share/kuka_description//meshes/link_7.dae
[0.818s] -- Installing: /home/eniola/Task4solution/task4workspace/install/kuka_description/share/kuka_description//meshes/link_4.dae
[0.820s] -- Installing: /home/eniola/Task4solution/task4workspace/install/kuka_description/share/kuka_description//meshes/link_3.dae
[0.821s] -- Installing: /home/eniola/Task4solution/task4workspace/install/kuka_description/share/kuka_description//meshes/link_6.dae
[0.823s] -- Installing: /home/eniola/Task4solution/task4workspace/install/kuka_description/share/kuka_description//meshes/link_0.dae
[0.823s] -- Installing: /home/eniola/Task4solution/task4workspace/install/kuka_description/share/kuka_description//meshes/link_1.dae
[0.825s] -- Installing: /home/eniola/Task4solution/task4workspace/install/kuka_description/share/kuka_description//meshes/link_2.dae
[0.826s] -- Installing: /home/eniola/Task4solution/task4workspace/install/kuka_description/share/kuka_description//urdf
[0.827s] -- Installing: /home/eniola/Task4solution/task4workspace/install/kuka_description/share/kuka_description//urdf/kuka.urdf
[0.827s] -- Installing: /home/eniola/Task4solution/task4workspace/install/kuka_description/share/ament_index/resource_index/package_run_dependencies/kuka_description
[0.827s] -- Installing: /home/eniola/Task4solution/task4workspace/install/kuka_description/share/ament_index/resource_index/parent_prefix_path/kuka_description
[0.827s] -- Installing: /home/eniola/Task4solution/task4workspace/install/kuka_description/share/kuka_description/environment/ament_prefix_path.sh
[0.827s] -- Installing: /home/eniola/Task4solution/task4workspace/install/kuka_description/share/kuka_description/environment/ament_prefix_path.dsv
[0.827s] -- Installing: /home/eniola/Task4solution/task4workspace/install/kuka_description/share/kuka_description/environment/path.sh
[0.827s] -- Installing: /home/eniola/Task4solution/task4workspace/install/kuka_description/share/kuka_description/environment/path.dsv
[0.827s] -- Installing: /home/eniola/Task4solution/task4workspace/install/kuka_description/share/kuka_description/local_setup.bash
[0.827s] -- Installing: /home/eniola/Task4solution/task4workspace/install/kuka_description/share/kuka_description/local_setup.sh
[0.827s] -- Installing: /home/eniola/Task4solution/task4workspace/install/kuka_description/share/kuka_description/local_setup.zsh
[0.827s] -- Installing: /home/eniola/Task4solution/task4workspace/install/kuka_description/share/kuka_description/local_setup.dsv
[0.827s] -- Installing: /home/eniola/Task4solution/task4workspace/install/kuka_description/share/kuka_description/package.dsv
[0.827s] -- Installing: /home/eniola/Task4solution/task4workspace/install/kuka_description/share/ament_index/resource_index/packages/kuka_description
[0.827s] -- Installing: /home/eniola/Task4solution/task4workspace/install/kuka_description/share/kuka_description/cmake/kuka_descriptionConfig.cmake
[0.828s] -- Installing: /home/eniola/Task4solution/task4workspace/install/kuka_description/share/kuka_description/cmake/kuka_descriptionConfig-version.cmake
[0.828s] -- Installing: /home/eniola/Task4solution/task4workspace/install/kuka_description/share/kuka_description/package.xml
[0.830s] Invoked command in '/home/eniola/Task4solution/task4workspace/build/kuka_description' returned '0': CMAKE_PREFIX_PATH=/opt/ros/humble /usr/bin/cmake --install /home/eniola/Task4solution/task4workspace/build/kuka_description
