[0.010s] Invoking command in '/home/eniola/Task4solution/task4workspace/kuka_description/build/kuka_description': CMAKE_PREFIX_PATH=/opt/ros/humble /usr/bin/cmake /home/eniola/Task4solution/task4workspace/kuka_description -DCMAKE_INSTALL_PREFIX=/home/eniola/Task4solution/task4workspace/kuka_description/install/kuka_description
[0.023s] -- Found ament_cmake: 1.3.12 (/opt/ros/humble/share/ament_cmake/cmake)
[0.129s] -- Override CMake install command with custom implementation using symlinks instead of copying resources
[0.136s] -- Found ament_lint_auto: 0.12.14 (/opt/ros/humble/share/ament_lint_auto/cmake)
[0.204s] -- Added test 'cppcheck' to perform static code analysis on C / C++ code
[0.205s] -- Configured cppcheck include dirs: 
[0.205s] -- Configured cppcheck exclude dirs and/or files: 
[0.206s] -- Added test 'flake8' to check Python code syntax and style conventions
[0.208s] -- Added test 'lint_cmake' to check CMake code style
[0.210s] -- Added test 'pep257' to check Python code against some of the docstring style conventions in PEP 257
[0.216s] -- Added test 'uncrustify' to check C / C++ code style
[0.216s] -- Configured uncrustify additional arguments: 
[0.217s] -- Added test 'xmllint' to check XML markup files
[0.218s] -- Configuring done
[0.222s] -- Generating done
[0.224s] -- Build files have been written to: /home/eniola/Task4solution/task4workspace/kuka_description/build/kuka_description
[0.228s] Invoked command in '/home/eniola/Task4solution/task4workspace/kuka_description/build/kuka_description' returned '0': CMAKE_PREFIX_PATH=/opt/ros/humble /usr/bin/cmake /home/eniola/Task4solution/task4workspace/kuka_description -DCMAKE_INSTALL_PREFIX=/home/eniola/Task4solution/task4workspace/kuka_description/install/kuka_description
[0.230s] Invoking command in '/home/eniola/Task4solution/task4workspace/kuka_description/build/kuka_description': CMAKE_PREFIX_PATH=/opt/ros/humble /usr/bin/cmake --build /home/eniola/Task4solution/task4workspace/kuka_description/build/kuka_description -- -j12 -l12
[0.254s] -- Found ament_cmake: 1.3.12 (/opt/ros/humble/share/ament_cmake/cmake)
[0.357s] -- Override CMake install command with custom implementation using symlinks instead of copying resources
[0.362s] -- Found ament_lint_auto: 0.12.14 (/opt/ros/humble/share/ament_lint_auto/cmake)
[0.424s] -- Added test 'cppcheck' to perform static code analysis on C / C++ code
[0.424s] -- Configured cppcheck include dirs: 
[0.424s] -- Configured cppcheck exclude dirs and/or files: 
[0.425s] -- Added test 'flake8' to check Python code syntax and style conventions
[0.429s] -- Added test 'lint_cmake' to check CMake code style
[0.430s] -- Added test 'pep257' to check Python code against some of the docstring style conventions in PEP 257
[0.437s] -- Added test 'uncrustify' to check C / C++ code style
[0.438s] -- Configured uncrustify additional arguments: 
[0.439s] -- Added test 'xmllint' to check XML markup files
[0.439s] -- Configuring done
[0.442s] -- Generating done
[0.444s] -- Build files have been written to: /home/eniola/Task4solution/task4workspace/kuka_description/build/kuka_description
[0.464s] Invoked command in '/home/eniola/Task4solution/task4workspace/kuka_description/build/kuka_description' returned '0': CMAKE_PREFIX_PATH=/opt/ros/humble /usr/bin/cmake --build /home/eniola/Task4solution/task4workspace/kuka_description/build/kuka_description -- -j12 -l12
[0.473s] Invoking command in '/home/eniola/Task4solution/task4workspace/kuka_description/build/kuka_description': CMAKE_PREFIX_PATH=/opt/ros/humble /usr/bin/cmake --install /home/eniola/Task4solution/task4workspace/kuka_description/build/kuka_description
[0.480s] -- Install configuration: ""
[0.481s] -- Execute custom install script
[0.481s] -- Up-to-date symlink: /home/eniola/Task4solution/task4workspace/kuka_description/install/kuka_description/share/kuka_description//meshes/link_0.dae
[0.482s] -- Up-to-date symlink: /home/eniola/Task4solution/task4workspace/kuka_description/install/kuka_description/share/kuka_description//meshes/link_1.dae
[0.482s] -- Up-to-date symlink: /home/eniola/Task4solution/task4workspace/kuka_description/install/kuka_description/share/kuka_description//meshes/link_2.dae
[0.482s] -- Up-to-date symlink: /home/eniola/Task4solution/task4workspace/kuka_description/install/kuka_description/share/kuka_description//meshes/link_3.dae
[0.482s] -- Up-to-date symlink: /home/eniola/Task4solution/task4workspace/kuka_description/install/kuka_description/share/kuka_description//meshes/link_4.dae
[0.482s] -- Up-to-date symlink: /home/eniola/Task4solution/task4workspace/kuka_description/install/kuka_description/share/kuka_description//meshes/link_5.dae
[0.482s] -- Up-to-date symlink: /home/eniola/Task4solution/task4workspace/kuka_description/install/kuka_description/share/kuka_description//meshes/link_6.dae
[0.482s] -- Up-to-date symlink: /home/eniola/Task4solution/task4workspace/kuka_description/install/kuka_description/share/kuka_description//meshes/link_7.dae
[0.482s] -- Up-to-date symlink: /home/eniola/Task4solution/task4workspace/kuka_description/install/kuka_description/share/kuka_description//urdf/kuka.urdf
[0.483s] -- Up-to-date symlink: /home/eniola/Task4solution/task4workspace/kuka_description/install/kuka_description/share/ament_index/resource_index/package_run_dependencies/kuka_description
[0.483s] -- Up-to-date symlink: /home/eniola/Task4solution/task4workspace/kuka_description/install/kuka_description/share/ament_index/resource_index/parent_prefix_path/kuka_description
[0.483s] -- Up-to-date symlink: /home/eniola/Task4solution/task4workspace/kuka_description/install/kuka_description/share/kuka_description/environment/ament_prefix_path.sh
[0.483s] -- Up-to-date symlink: /home/eniola/Task4solution/task4workspace/kuka_description/install/kuka_description/share/kuka_description/environment/ament_prefix_path.dsv
[0.484s] -- Up-to-date symlink: /home/eniola/Task4solution/task4workspace/kuka_description/install/kuka_description/share/kuka_description/environment/path.sh
[0.484s] -- Up-to-date symlink: /home/eniola/Task4solution/task4workspace/kuka_description/install/kuka_description/share/kuka_description/environment/path.dsv
[0.484s] -- Up-to-date symlink: /home/eniola/Task4solution/task4workspace/kuka_description/install/kuka_description/share/kuka_description/local_setup.bash
[0.484s] -- Up-to-date symlink: /home/eniola/Task4solution/task4workspace/kuka_description/install/kuka_description/share/kuka_description/local_setup.sh
[0.485s] -- Up-to-date symlink: /home/eniola/Task4solution/task4workspace/kuka_description/install/kuka_description/share/kuka_description/local_setup.zsh
[0.485s] -- Up-to-date symlink: /home/eniola/Task4solution/task4workspace/kuka_description/install/kuka_description/share/kuka_description/local_setup.dsv
[0.485s] -- Symlinking: /home/eniola/Task4solution/task4workspace/kuka_description/install/kuka_description/share/kuka_description/package.dsv
[0.506s] -- Up-to-date symlink: /home/eniola/Task4solution/task4workspace/kuka_description/install/kuka_description/share/ament_index/resource_index/packages/kuka_description
[0.507s] -- Up-to-date symlink: /home/eniola/Task4solution/task4workspace/kuka_description/install/kuka_description/share/kuka_description/cmake/kuka_descriptionConfig.cmake
[0.507s] -- Up-to-date symlink: /home/eniola/Task4solution/task4workspace/kuka_description/install/kuka_description/share/kuka_description/cmake/kuka_descriptionConfig-version.cmake
[0.507s] -- Up-to-date symlink: /home/eniola/Task4solution/task4workspace/kuka_description/install/kuka_description/share/kuka_description/package.xml
[0.512s] Invoked command in '/home/eniola/Task4solution/task4workspace/kuka_description/build/kuka_description' returned '0': CMAKE_PREFIX_PATH=/opt/ros/humble /usr/bin/cmake --install /home/eniola/Task4solution/task4workspace/kuka_description/build/kuka_description
