[0.072s] DEBUG:colcon:Command line arguments: ['/usr/bin/colcon', 'build', '--symlink-install']
[0.072s] DEBUG:colcon:Parsed command line arguments: Namespace(log_base=None, log_level=None, verb_name='build', build_base='build', install_base='install', merge_install=False, symlink_install=True, test_result_base=None, continue_on_error=False, executor='parallel', parallel_workers=12, event_handlers=None, ignore_user_meta=False, metas=['./colcon.meta'], base_paths=['.'], packages_ignore=None, packages_ignore_regex=None, paths=None, packages_up_to=None, packages_up_to_regex=None, packages_above=None, packages_above_and_dependencies=None, packages_above_depth=None, packages_select_by_dep=None, packages_skip_by_dep=None, packages_skip_up_to=None, packages_select_build_failed=False, packages_skip_build_finished=False, packages_select_test_failures=False, packages_skip_test_passed=False, packages_select=None, packages_skip=None, packages_select_regex=None, packages_skip_regex=None, packages_start=None, packages_end=None, allow_overriding=[], cmake_args=None, cmake_target=None, cmake_target_skip_unavailable=False, cmake_clean_cache=False, cmake_clean_first=False, cmake_force_configure=False, ament_cmake_args=None, catkin_cmake_args=None, catkin_skip_building_tests=False, verb_parser=<colcon_defaults.argument_parser.defaults.DefaultArgumentsDecorator object at 0x763b13817f40>, verb_extension=<colcon_core.verb.build.BuildVerb object at 0x763b138179a0>, main=<bound method BuildVerb.main of <colcon_core.verb.build.BuildVerb object at 0x763b138179a0>>)
[0.182s] Level 1:colcon.colcon_core.package_discovery:discover_packages(colcon_meta) check parameters
[0.182s] Level 1:colcon.colcon_core.package_discovery:discover_packages(recursive) check parameters
[0.182s] Level 1:colcon.colcon_core.package_discovery:discover_packages(ignore) check parameters
[0.182s] Level 1:colcon.colcon_core.package_discovery:discover_packages(path) check parameters
[0.182s] Level 1:colcon.colcon_core.package_discovery:discover_packages(colcon_meta) discover
[0.182s] Level 1:colcon.colcon_core.package_discovery:discover_packages(recursive) discover
[0.182s] INFO:colcon.colcon_core.package_discovery:Crawling recursively for packages in '/home/eniola/Task4solution/task4workspace/kuka_description'
[0.182s] Level 1:colcon.colcon_core.package_identification:_identify(.) by extensions ['ignore', 'ignore_ament_install']
[0.183s] Level 1:colcon.colcon_core.package_identification:_identify(.) by extension 'ignore'
[0.183s] Level 1:colcon.colcon_core.package_identification:_identify(.) by extension 'ignore_ament_install'
[0.183s] Level 1:colcon.colcon_core.package_identification:_identify(.) by extensions ['colcon_pkg']
[0.183s] Level 1:colcon.colcon_core.package_identification:_identify(.) by extension 'colcon_pkg'
[0.183s] Level 1:colcon.colcon_core.package_identification:_identify(.) by extensions ['colcon_meta']
[0.183s] Level 1:colcon.colcon_core.package_identification:_identify(.) by extension 'colcon_meta'
[0.183s] Level 1:colcon.colcon_core.package_identification:_identify(.) by extensions ['ros']
[0.183s] Level 1:colcon.colcon_core.package_identification:_identify(.) by extension 'ros'
[0.192s] DEBUG:colcon.colcon_core.package_identification:Package '.' with type 'ros.ament_cmake' and name 'kuka_description'
[0.192s] Level 1:colcon.colcon_core.package_discovery:discover_packages(recursive) using defaults
[0.192s] Level 1:colcon.colcon_core.package_discovery:discover_packages(ignore) discover
[0.192s] Level 1:colcon.colcon_core.package_discovery:discover_packages(ignore) using defaults
[0.192s] Level 1:colcon.colcon_core.package_discovery:discover_packages(path) discover
[0.192s] Level 1:colcon.colcon_core.package_discovery:discover_packages(path) using defaults
[0.210s] Level 1:colcon.colcon_core.package_discovery:discover_packages(prefix_path) check parameters
[0.210s] Level 1:colcon.colcon_core.package_discovery:discover_packages(prefix_path) discover
[0.213s] DEBUG:colcon.colcon_installed_package_information.package_discovery:Found 319 installed packages in /opt/ros/humble
[0.223s] Level 1:colcon.colcon_core.package_discovery:discover_packages(prefix_path) using defaults
[0.251s] Level 5:colcon.colcon_core.verb:set package 'kuka_description' build argument 'cmake_args' from command line to 'None'
[0.251s] Level 5:colcon.colcon_core.verb:set package 'kuka_description' build argument 'cmake_target' from command line to 'None'
[0.251s] Level 5:colcon.colcon_core.verb:set package 'kuka_description' build argument 'cmake_target_skip_unavailable' from command line to 'False'
[0.251s] Level 5:colcon.colcon_core.verb:set package 'kuka_description' build argument 'cmake_clean_cache' from command line to 'False'
[0.251s] Level 5:colcon.colcon_core.verb:set package 'kuka_description' build argument 'cmake_clean_first' from command line to 'False'
[0.251s] Level 5:colcon.colcon_core.verb:set package 'kuka_description' build argument 'cmake_force_configure' from command line to 'False'
[0.251s] Level 5:colcon.colcon_core.verb:set package 'kuka_description' build argument 'ament_cmake_args' from command line to 'None'
[0.251s] Level 5:colcon.colcon_core.verb:set package 'kuka_description' build argument 'catkin_cmake_args' from command line to 'None'
[0.251s] Level 5:colcon.colcon_core.verb:set package 'kuka_description' build argument 'catkin_skip_building_tests' from command line to 'False'
[0.251s] DEBUG:colcon.colcon_core.verb:Building package 'kuka_description' with the following arguments: {'ament_cmake_args': None, 'build_base': '/home/eniola/Task4solution/task4workspace/kuka_description/build/kuka_description', 'catkin_cmake_args': None, 'catkin_skip_building_tests': False, 'cmake_args': None, 'cmake_clean_cache': False, 'cmake_clean_first': False, 'cmake_force_configure': False, 'cmake_target': None, 'cmake_target_skip_unavailable': False, 'install_base': '/home/eniola/Task4solution/task4workspace/kuka_description/install/kuka_description', 'merge_install': False, 'path': '/home/eniola/Task4solution/task4workspace/kuka_description', 'symlink_install': True, 'test_result_base': None}
[0.251s] INFO:colcon.colcon_core.executor:Executing jobs using 'parallel' executor
[0.252s] DEBUG:colcon.colcon_parallel_executor.executor.parallel:run_until_complete
[0.253s] INFO:colcon.colcon_ros.task.ament_cmake.build:Building ROS package in '/home/eniola/Task4solution/task4workspace/kuka_description' with build type 'ament_cmake'
[0.253s] INFO:colcon.colcon_cmake.task.cmake.build:Building CMake package in '/home/eniola/Task4solution/task4workspace/kuka_description'
[0.254s] INFO:colcon.colcon_core.plugin_system:Skipping extension 'colcon_core.shell.bat': Not used on non-Windows systems
[0.255s] INFO:colcon.colcon_core.shell:Skip shell extension 'powershell' for command environment: Not usable outside of PowerShell
[0.255s] DEBUG:colcon.colcon_core.shell:Skip shell extension 'dsv' for command environment
[0.262s] DEBUG:colcon.colcon_core.event_handler.log_command:Invoking command in '/home/eniola/Task4solution/task4workspace/kuka_description/build/kuka_description': CMAKE_PREFIX_PATH=/opt/ros/humble /usr/bin/cmake /home/eniola/Task4solution/task4workspace/kuka_description -DAMENT_CMAKE_SYMLINK_INSTALL=1 -DCMAKE_INSTALL_PREFIX=/home/eniola/Task4solution/task4workspace/kuka_description/install/kuka_description
[1.026s] DEBUG:colcon.colcon_core.event_handler.log_command:Invoked command in '/home/eniola/Task4solution/task4workspace/kuka_description/build/kuka_description' returned '0': CMAKE_PREFIX_PATH=/opt/ros/humble /usr/bin/cmake /home/eniola/Task4solution/task4workspace/kuka_description -DAMENT_CMAKE_SYMLINK_INSTALL=1 -DCMAKE_INSTALL_PREFIX=/home/eniola/Task4solution/task4workspace/kuka_description/install/kuka_description
[1.029s] DEBUG:colcon.colcon_core.event_handler.log_command:Invoking command in '/home/eniola/Task4solution/task4workspace/kuka_description/build/kuka_description': CMAKE_PREFIX_PATH=/opt/ros/humble /usr/bin/cmake --build /home/eniola/Task4solution/task4workspace/kuka_description/build/kuka_description -- -j12 -l12
[1.067s] DEBUG:colcon.colcon_core.event_handler.log_command:Invoked command in '/home/eniola/Task4solution/task4workspace/kuka_description/build/kuka_description' returned '0': CMAKE_PREFIX_PATH=/opt/ros/humble /usr/bin/cmake --build /home/eniola/Task4solution/task4workspace/kuka_description/build/kuka_description -- -j12 -l12
[1.079s] DEBUG:colcon.colcon_core.event_handler.log_command:Invoking command in '/home/eniola/Task4solution/task4workspace/kuka_description/build/kuka_description': CMAKE_PREFIX_PATH=/opt/ros/humble /usr/bin/cmake --install /home/eniola/Task4solution/task4workspace/kuka_description/build/kuka_description
[1.161s] DEBUG:colcon.colcon_core.event_handler.log_command:Invoked command in '/home/eniola/Task4solution/task4workspace/kuka_description/build/kuka_description' returned '1': CMAKE_PREFIX_PATH=/opt/ros/humble /usr/bin/cmake --install /home/eniola/Task4solution/task4workspace/kuka_description/build/kuka_description
[1.161s] Level 1:colcon.colcon_core.environment:create_environment_scripts_only(kuka_description)
[1.164s] Level 1:colcon.colcon_core.environment:checking '/home/eniola/Task4solution/task4workspace/kuka_description/install/kuka_description' for CMake module files
[1.164s] Level 1:colcon.colcon_core.environment:checking '/home/eniola/Task4solution/task4workspace/kuka_description/install/kuka_description' for CMake config files
[1.165s] Level 1:colcon.colcon_core.environment:checking '/home/eniola/Task4solution/task4workspace/kuka_description/install/kuka_description/bin'
[1.165s] Level 1:colcon.colcon_core.environment:checking '/home/eniola/Task4solution/task4workspace/kuka_description/install/kuka_description/lib/pkgconfig/kuka_description.pc'
[1.165s] Level 1:colcon.colcon_core.environment:checking '/home/eniola/Task4solution/task4workspace/kuka_description/install/kuka_description/lib/python3.10/site-packages'
[1.165s] Level 1:colcon.colcon_core.environment:checking '/home/eniola/Task4solution/task4workspace/kuka_description/install/kuka_description/bin'
[1.165s] INFO:colcon.colcon_core.shell:Creating package script '/home/eniola/Task4solution/task4workspace/kuka_description/install/kuka_description/share/kuka_description/package.ps1'
[1.166s] INFO:colcon.colcon_core.shell:Creating package descriptor '/home/eniola/Task4solution/task4workspace/kuka_description/install/kuka_description/share/kuka_description/package.dsv'
[1.167s] INFO:colcon.colcon_core.shell:Creating package script '/home/eniola/Task4solution/task4workspace/kuka_description/install/kuka_description/share/kuka_description/package.sh'
[1.168s] INFO:colcon.colcon_core.shell:Creating package script '/home/eniola/Task4solution/task4workspace/kuka_description/install/kuka_description/share/kuka_description/package.bash'
[1.170s] INFO:colcon.colcon_core.shell:Creating package script '/home/eniola/Task4solution/task4workspace/kuka_description/install/kuka_description/share/kuka_description/package.zsh'
[1.170s] Level 1:colcon.colcon_core.environment:create_file_with_runtime_dependencies(/home/eniola/Task4solution/task4workspace/kuka_description/install/kuka_description/share/colcon-core/packages/kuka_description)
[1.181s] DEBUG:colcon.colcon_parallel_executor.executor.parallel:closing loop
[1.181s] DEBUG:colcon.colcon_parallel_executor.executor.parallel:loop closed
[1.181s] DEBUG:colcon.colcon_parallel_executor.executor.parallel:run_until_complete finished with '1'
[1.181s] DEBUG:colcon.colcon_core.event_reactor:joining thread
[1.189s] INFO:colcon.colcon_core.plugin_system:Skipping extension 'colcon_notification.desktop_notification.terminal_notifier': Not used on non-Darwin systems
[1.189s] INFO:colcon.colcon_core.plugin_system:Skipping extension 'colcon_notification.desktop_notification.win32': Not used on non-Windows systems
[1.189s] INFO:colcon.colcon_notification.desktop_notification:Sending desktop notification using 'notify2'
[1.205s] DEBUG:colcon.colcon_core.event_reactor:joined thread
[1.206s] INFO:colcon.colcon_core.shell:Creating prefix script '/home/eniola/Task4solution/task4workspace/kuka_description/install/local_setup.ps1'
[1.207s] INFO:colcon.colcon_core.shell:Creating prefix util module '/home/eniola/Task4solution/task4workspace/kuka_description/install/_local_setup_util_ps1.py'
[1.208s] INFO:colcon.colcon_core.shell:Creating prefix chain script '/home/eniola/Task4solution/task4workspace/kuka_description/install/setup.ps1'
[1.209s] INFO:colcon.colcon_core.shell:Creating prefix script '/home/eniola/Task4solution/task4workspace/kuka_description/install/local_setup.sh'
[1.210s] INFO:colcon.colcon_core.shell:Creating prefix util module '/home/eniola/Task4solution/task4workspace/kuka_description/install/_local_setup_util_sh.py'
[1.211s] INFO:colcon.colcon_core.shell:Creating prefix chain script '/home/eniola/Task4solution/task4workspace/kuka_description/install/setup.sh'
[1.212s] INFO:colcon.colcon_core.shell:Creating prefix script '/home/eniola/Task4solution/task4workspace/kuka_description/install/local_setup.bash'
[1.212s] INFO:colcon.colcon_core.shell:Creating prefix chain script '/home/eniola/Task4solution/task4workspace/kuka_description/install/setup.bash'
[1.213s] INFO:colcon.colcon_core.shell:Creating prefix script '/home/eniola/Task4solution/task4workspace/kuka_description/install/local_setup.zsh'
[1.213s] INFO:colcon.colcon_core.shell:Creating prefix chain script '/home/eniola/Task4solution/task4workspace/kuka_description/install/setup.zsh'
