[0.009s] Invoking command in '/home/eniola/Task4solution/task4workspace/kuka_description/build/kuka_description': CMAKE_PREFIX_PATH=/opt/ros/humble /usr/bin/cmake --build /home/eniola/Task4solution/task4workspace/kuka_description/build/kuka_description -- -j12 -l12
[0.055s] Invoked command in '/home/eniola/Task4solution/task4workspace/kuka_description/build/kuka_description' returned '0': CMAKE_PREFIX_PATH=/opt/ros/humble /usr/bin/cmake --build /home/eniola/Task4solution/task4workspace/kuka_description/build/kuka_description -- -j12 -l12
[0.067s] Invoking command in '/home/eniola/Task4solution/task4workspace/kuka_description/build/kuka_description': CMAKE_PREFIX_PATH=/opt/ros/humble /usr/bin/cmake --install /home/eniola/Task4solution/task4workspace/kuka_description/build/kuka_description
[0.073s] -- Install configuration: ""
[0.073s] -- Execute custom install script
[0.074s] -- Up-to-date symlink: /home/eniola/Task4solution/task4workspace/kuka_description/install/kuka_description/share/kuka_description/meshes/link_0.dae
[0.074s] -- Up-to-date symlink: /home/eniola/Task4solution/task4workspace/kuka_description/install/kuka_description/share/kuka_description/meshes/link_1.dae
[0.074s] -- Up-to-date symlink: /home/eniola/Task4solution/task4workspace/kuka_description/install/kuka_description/share/kuka_description/meshes/link_2.dae
[0.074s] -- Up-to-date symlink: /home/eniola/Task4solution/task4workspace/kuka_description/install/kuka_description/share/kuka_description/meshes/link_3.dae
[0.074s] -- Up-to-date symlink: /home/eniola/Task4solution/task4workspace/kuka_description/install/kuka_description/share/kuka_description/meshes/link_4.dae
[0.074s] -- Up-to-date symlink: /home/eniola/Task4solution/task4workspace/kuka_description/install/kuka_description/share/kuka_description/meshes/link_5.dae
[0.075s] -- Up-to-date symlink: /home/eniola/Task4solution/task4workspace/kuka_description/install/kuka_description/share/kuka_description/meshes/link_6.dae
[0.075s] -- Up-to-date symlink: /home/eniola/Task4solution/task4workspace/kuka_description/install/kuka_description/share/kuka_description/meshes/link_7.dae
[0.075s] -- Symlinking: /home/eniola/Task4solution/task4workspace/kuka_description/install/kuka_description/share/kuka_description/urdf/kuka.urdf
[0.083s] -- Symlinking: /home/eniola/Task4solution/task4workspace/kuka_description/install/kuka_description/share/ament_index/resource_index/package_run_dependencies/kuka_description
[0.096s] -- Symlinking: /home/eniola/Task4solution/task4workspace/kuka_description/install/kuka_description/share/ament_index/resource_index/parent_prefix_path/kuka_description
[0.106s] -- Symlinking: /home/eniola/Task4solution/task4workspace/kuka_description/install/kuka_description/share/kuka_description/environment/ament_prefix_path.sh
[0.117s] -- Symlinking: /home/eniola/Task4solution/task4workspace/kuka_description/install/kuka_description/share/kuka_description/environment/ament_prefix_path.dsv
[0.131s] -- Symlinking: /home/eniola/Task4solution/task4workspace/kuka_description/install/kuka_description/share/kuka_description/environment/path.sh
[0.142s] -- Symlinking: /home/eniola/Task4solution/task4workspace/kuka_description/install/kuka_description/share/kuka_description/environment/path.dsv
[0.153s] -- Symlinking: /home/eniola/Task4solution/task4workspace/kuka_description/install/kuka_description/share/kuka_description/local_setup.bash
[0.162s] -- Symlinking: /home/eniola/Task4solution/task4workspace/kuka_description/install/kuka_description/share/kuka_description/local_setup.sh
[0.170s] -- Symlinking: /home/eniola/Task4solution/task4workspace/kuka_description/install/kuka_description/share/kuka_description/local_setup.zsh
[0.180s] -- Symlinking: /home/eniola/Task4solution/task4workspace/kuka_description/install/kuka_description/share/kuka_description/local_setup.dsv
[0.192s] -- Symlinking: /home/eniola/Task4solution/task4workspace/kuka_description/install/kuka_description/share/kuka_description/package.dsv
[0.203s] -- Symlinking: /home/eniola/Task4solution/task4workspace/kuka_description/install/kuka_description/share/ament_index/resource_index/packages/kuka_description
[0.211s] -- Symlinking: /home/eniola/Task4solution/task4workspace/kuka_description/install/kuka_description/share/kuka_description/cmake/kuka_descriptionConfig.cmake
[0.220s] -- Symlinking: /home/eniola/Task4solution/task4workspace/kuka_description/install/kuka_description/share/kuka_description/cmake/kuka_descriptionConfig-version.cmake
[0.232s] -- Symlinking: /home/eniola/Task4solution/task4workspace/kuka_description/install/kuka_description/share/kuka_description/package.xml
[0.246s] Invoked command in '/home/eniola/Task4solution/task4workspace/kuka_description/build/kuka_description' returned '0': CMAKE_PREFIX_PATH=/opt/ros/humble /usr/bin/cmake --install /home/eniola/Task4solution/task4workspace/kuka_description/build/kuka_description
