-- Install configuration: ""
-- Up-to-date: /home/eniola/Eniola_Task_4/Task4solution/task4workspace/install/kuka_description/share/kuka_description//meshes
-- Up-to-date: /home/eniola/Eniola_Task_4/Task4solution/task4workspace/install/kuka_description/share/kuka_description//meshes/link_5.dae
-- Up-to-date: /home/eniola/Eniola_Task_4/Task4solution/task4workspace/install/kuka_description/share/kuka_description//meshes/log
-- Up-to-date: /home/eniola/Eniola_Task_4/Task4solution/task4workspace/install/kuka_description/share/kuka_description//meshes/log/build_2025-10-20_20-22-48
-- Up-to-date: /home/eniola/Eniola_Task_4/Task4solution/task4workspace/install/kuka_description/share/kuka_description//meshes/log/build_2025-10-20_20-22-48/logger_all.log
-- Up-to-date: /home/eniola/Eniola_Task_4/Task4solution/task4workspace/install/kuka_description/share/kuka_description//meshes/log/build_2025-10-20_20-22-48/events.log
-- Up-to-date: /home/eniola/Eniola_Task_4/Task4solution/task4workspace/install/kuka_description/share/kuka_description//meshes/log/latest
-- Up-to-date: /home/eniola/Eniola_Task_4/Task4solution/task4workspace/install/kuka_description/share/kuka_description//meshes/log/latest_build
-- Up-to-date: /home/eniola/Eniola_Task_4/Task4solution/task4workspace/install/kuka_description/share/kuka_description//meshes/log/COLCON_IGNORE
-- Up-to-date: /home/eniola/Eniola_Task_4/Task4solution/task4workspace/install/kuka_description/share/kuka_description//meshes/install
-- Up-to-date: /home/eniola/Eniola_Task_4/Task4solution/task4workspace/install/kuka_description/share/kuka_description//meshes/install/.colcon_install_layout
-- Up-to-date: /home/eniola/Eniola_Task_4/Task4solution/task4workspace/install/kuka_description/share/kuka_description//meshes/install/local_setup.ps1
-- Up-to-date: /home/eniola/Eniola_Task_4/Task4solution/task4workspace/install/kuka_description/share/kuka_description//meshes/install/local_setup.sh
-- Up-to-date: /home/eniola/Eniola_Task_4/Task4solution/task4workspace/install/kuka_description/share/kuka_description//meshes/install/setup.bash
-- Up-to-date: /home/eniola/Eniola_Task_4/Task4solution/task4workspace/install/kuka_description/share/kuka_description//meshes/install/_local_setup_util_ps1.py
-- Up-to-date: /home/eniola/Eniola_Task_4/Task4solution/task4workspace/install/kuka_description/share/kuka_description//meshes/install/local_setup.bash
-- Up-to-date: /home/eniola/Eniola_Task_4/Task4solution/task4workspace/install/kuka_description/share/kuka_description//meshes/install/setup.ps1
-- Up-to-date: /home/eniola/Eniola_Task_4/Task4solution/task4workspace/install/kuka_description/share/kuka_description//meshes/install/setup.zsh
-- Up-to-date: /home/eniola/Eniola_Task_4/Task4solution/task4workspace/install/kuka_description/share/kuka_description//meshes/install/setup.sh
-- Up-to-date: /home/eniola/Eniola_Task_4/Task4solution/task4workspace/install/kuka_description/share/kuka_description//meshes/install/COLCON_IGNORE
-- Up-to-date: /home/eniola/Eniola_Task_4/Task4solution/task4workspace/install/kuka_description/share/kuka_description//meshes/install/_local_setup_util_sh.py
-- Up-to-date: /home/eniola/Eniola_Task_4/Task4solution/task4workspace/install/kuka_description/share/kuka_description//meshes/install/local_setup.zsh
-- Up-to-date: /home/eniola/Eniola_Task_4/Task4solution/task4workspace/install/kuka_description/share/kuka_description//meshes/link_7.dae
-- Up-to-date: /home/eniola/Eniola_Task_4/Task4solution/task4workspace/install/kuka_description/share/kuka_description//meshes/link_4.dae
-- Up-to-date: /home/eniola/Eniola_Task_4/Task4solution/task4workspace/install/kuka_description/share/kuka_description//meshes/link_3.dae
-- Up-to-date: /home/eniola/Eniola_Task_4/Task4solution/task4workspace/install/kuka_description/share/kuka_description//meshes/link_6.dae
-- Up-to-date: /home/eniola/Eniola_Task_4/Task4solution/task4workspace/install/kuka_description/share/kuka_description//meshes/link_0.dae
-- Up-to-date: /home/eniola/Eniola_Task_4/Task4solution/task4workspace/install/kuka_description/share/kuka_description//meshes/link_1.dae
-- Up-to-date: /home/eniola/Eniola_Task_4/Task4solution/task4workspace/install/kuka_description/share/kuka_description//meshes/link_2.dae
-- Up-to-date: /home/eniola/Eniola_Task_4/Task4solution/task4workspace/install/kuka_description/share/kuka_description//meshes/build
-- Up-to-date: /home/eniola/Eniola_Task_4/Task4solution/task4workspace/install/kuka_description/share/kuka_description//meshes/build/.built_by
-- Up-to-date: /home/eniola/Eniola_Task_4/Task4solution/task4workspace/install/kuka_description/share/kuka_description//meshes/build/COLCON_IGNORE
-- Up-to-date: /home/eniola/Eniola_Task_4/Task4solution/task4workspace/install/kuka_description/share/kuka_description//urdf
-- Up-to-date: /home/eniola/Eniola_Task_4/Task4solution/task4workspace/install/kuka_description/share/kuka_description//urdf/kuka.urdf
-- Up-to-date: /home/eniola/Eniola_Task_4/Task4solution/task4workspace/install/kuka_description/share/ament_index/resource_index/package_run_dependencies/kuka_description
-- Up-to-date: /home/eniola/Eniola_Task_4/Task4solution/task4workspace/install/kuka_description/share/ament_index/resource_index/parent_prefix_path/kuka_description
-- Up-to-date: /home/eniola/Eniola_Task_4/Task4solution/task4workspace/install/kuka_description/share/kuka_description/environment/ament_prefix_path.sh
-- Up-to-date: /home/eniola/Eniola_Task_4/Task4solution/task4workspace/install/kuka_description/share/kuka_description/environment/ament_prefix_path.dsv
-- Up-to-date: /home/eniola/Eniola_Task_4/Task4solution/task4workspace/install/kuka_description/share/kuka_description/environment/path.sh
-- Up-to-date: /home/eniola/Eniola_Task_4/Task4solution/task4workspace/install/kuka_description/share/kuka_description/environment/path.dsv
-- Up-to-date: /home/eniola/Eniola_Task_4/Task4solution/task4workspace/install/kuka_description/share/kuka_description/local_setup.bash
-- Up-to-date: /home/eniola/Eniola_Task_4/Task4solution/task4workspace/install/kuka_description/share/kuka_description/local_setup.sh
-- Up-to-date: /home/eniola/Eniola_Task_4/Task4solution/task4workspace/install/kuka_description/share/kuka_description/local_setup.zsh
-- Up-to-date: /home/eniola/Eniola_Task_4/Task4solution/task4workspace/install/kuka_description/share/kuka_description/local_setup.dsv
-- Installing: /home/eniola/Eniola_Task_4/Task4solution/task4workspace/install/kuka_description/share/kuka_description/package.dsv
-- Up-to-date: /home/eniola/Eniola_Task_4/Task4solution/task4workspace/install/kuka_description/share/ament_index/resource_index/packages/kuka_description
-- Up-to-date: /home/eniola/Eniola_Task_4/Task4solution/task4workspace/install/kuka_description/share/kuka_description/cmake/kuka_descriptionConfig.cmake
-- Up-to-date: /home/eniola/Eniola_Task_4/Task4solution/task4workspace/install/kuka_description/share/kuka_description/cmake/kuka_descriptionConfig-version.cmake
-- Up-to-date: /home/eniola/Eniola_Task_4/Task4solution/task4workspace/install/kuka_description/share/kuka_description/package.xml
