[0.012s] Invoking command in '/home/eniola/Eniola_Task_4/Task4solution/task4workspace/build/kuka_description': CMAKE_PREFIX_PATH=/opt/ros/humble /usr/bin/cmake --build /home/eniola/Eniola_Task_4/Task4solution/task4workspace/build/kuka_description -- -j12 -l12
[0.054s] Invoked command in '/home/eniola/Eniola_Task_4/Task4solution/task4workspace/build/kuka_description' returned '0': CMAKE_PREFIX_PATH=/opt/ros/humble /usr/bin/cmake --build /home/eniola/Eniola_Task_4/Task4solution/task4workspace/build/kuka_description -- -j12 -l12
[0.065s] Invoking command in '/home/eniola/Eniola_Task_4/Task4solution/task4workspace/build/kuka_description': CMAKE_PREFIX_PATH=/opt/ros/humble /usr/bin/cmake --install /home/eniola/Eniola_Task_4/Task4solution/task4workspace/build/kuka_description
[0.070s] -- Install configuration: ""
[0.071s] -- Up-to-date: /home/eniola/Eniola_Task_4/Task4solution/task4workspace/install/kuka_description/share/kuka_description//meshes
[0.071s] -- Up-to-date: /home/eniola/Eniola_Task_4/Task4solution/task4workspace/install/kuka_description/share/kuka_description//meshes/link_5.dae
[0.071s] -- Up-to-date: /home/eniola/Eniola_Task_4/Task4solution/task4workspace/install/kuka_description/share/kuka_description//meshes/log
[0.071s] -- Up-to-date: /home/eniola/Eniola_Task_4/Task4solution/task4workspace/install/kuka_description/share/kuka_description//meshes/log/build_2025-10-20_20-22-48
[0.071s] -- Up-to-date: /home/eniola/Eniola_Task_4/Task4solution/task4workspace/install/kuka_description/share/kuka_description//meshes/log/build_2025-10-20_20-22-48/logger_all.log
[0.072s] -- Up-to-date: /home/eniola/Eniola_Task_4/Task4solution/task4workspace/install/kuka_description/share/kuka_description//meshes/log/build_2025-10-20_20-22-48/events.log
[0.072s] -- Up-to-date: /home/eniola/Eniola_Task_4/Task4solution/task4workspace/install/kuka_description/share/kuka_description//meshes/log/latest
[0.072s] -- Up-to-date: /home/eniola/Eniola_Task_4/Task4solution/task4workspace/install/kuka_description/share/kuka_description//meshes/log/latest_build
[0.072s] -- Up-to-date: /home/eniola/Eniola_Task_4/Task4solution/task4workspace/install/kuka_description/share/kuka_description//meshes/log/COLCON_IGNORE
[0.072s] -- Up-to-date: /home/eniola/Eniola_Task_4/Task4solution/task4workspace/install/kuka_description/share/kuka_description//meshes/install
[0.072s] -- Up-to-date: /home/eniola/Eniola_Task_4/Task4solution/task4workspace/install/kuka_description/share/kuka_description//meshes/install/.colcon_install_layout
[0.072s] -- Up-to-date: /home/eniola/Eniola_Task_4/Task4solution/task4workspace/install/kuka_description/share/kuka_description//meshes/install/local_setup.ps1
[0.072s] -- Up-to-date: /home/eniola/Eniola_Task_4/Task4solution/task4workspace/install/kuka_description/share/kuka_description//meshes/install/local_setup.sh
[0.073s] -- Up-to-date: /home/eniola/Eniola_Task_4/Task4solution/task4workspace/install/kuka_description/share/kuka_description//meshes/install/setup.bash
[0.073s] -- Up-to-date: /home/eniola/Eniola_Task_4/Task4solution/task4workspace/install/kuka_description/share/kuka_description//meshes/install/_local_setup_util_ps1.py
[0.073s] -- Up-to-date: /home/eniola/Eniola_Task_4/Task4solution/task4workspace/install/kuka_description/share/kuka_description//meshes/install/local_setup.bash
[0.073s] -- Up-to-date: /home/eniola/Eniola_Task_4/Task4solution/task4workspace/install/kuka_description/share/kuka_description//meshes/install/setup.ps1
[0.073s] -- Up-to-date: /home/eniola/Eniola_Task_4/Task4solution/task4workspace/install/kuka_description/share/kuka_description//meshes/install/setup.zsh
[0.073s] -- Up-to-date: /home/eniola/Eniola_Task_4/Task4solution/task4workspace/install/kuka_description/share/kuka_description//meshes/install/setup.sh
[0.073s] -- Up-to-date: /home/eniola/Eniola_Task_4/Task4solution/task4workspace/install/kuka_description/share/kuka_description//meshes/install/COLCON_IGNORE
[0.073s] -- Up-to-date: /home/eniola/Eniola_Task_4/Task4solution/task4workspace/install/kuka_description/share/kuka_description//meshes/install/_local_setup_util_sh.py
[0.073s] -- Up-to-date: /home/eniola/Eniola_Task_4/Task4solution/task4workspace/install/kuka_description/share/kuka_description//meshes/install/local_setup.zsh
[0.073s] -- Up-to-date: /home/eniola/Eniola_Task_4/Task4solution/task4workspace/install/kuka_description/share/kuka_description//meshes/link_7.dae
[0.073s] -- Up-to-date: /home/eniola/Eniola_Task_4/Task4solution/task4workspace/install/kuka_description/share/kuka_description//meshes/link_4.dae
[0.073s] -- Up-to-date: /home/eniola/Eniola_Task_4/Task4solution/task4workspace/install/kuka_description/share/kuka_description//meshes/link_3.dae
[0.073s] -- Up-to-date: /home/eniola/Eniola_Task_4/Task4solution/task4workspace/install/kuka_description/share/kuka_description//meshes/link_6.dae
[0.073s] -- Up-to-date: /home/eniola/Eniola_Task_4/Task4solution/task4workspace/install/kuka_description/share/kuka_description//meshes/link_0.dae
[0.073s] -- Up-to-date: /home/eniola/Eniola_Task_4/Task4solution/task4workspace/install/kuka_description/share/kuka_description//meshes/link_1.dae
[0.073s] -- Up-to-date: /home/eniola/Eniola_Task_4/Task4solution/task4workspace/install/kuka_description/share/kuka_description//meshes/link_2.dae
[0.074s] -- Up-to-date: /home/eniola/Eniola_Task_4/Task4solution/task4workspace/install/kuka_description/share/kuka_description//meshes/build
[0.074s] -- Up-to-date: /home/eniola/Eniola_Task_4/Task4solution/task4workspace/install/kuka_description/share/kuka_description//meshes/build/.built_by
[0.074s] -- Up-to-date: /home/eniola/Eniola_Task_4/Task4solution/task4workspace/install/kuka_description/share/kuka_description//meshes/build/COLCON_IGNORE
[0.074s] -- Up-to-date: /home/eniola/Eniola_Task_4/Task4solution/task4workspace/install/kuka_description/share/kuka_description//urdf
[0.074s] -- Up-to-date: /home/eniola/Eniola_Task_4/Task4solution/task4workspace/install/kuka_description/share/kuka_description//urdf/kuka.urdf
[0.074s] -- Up-to-date: /home/eniola/Eniola_Task_4/Task4solution/task4workspace/install/kuka_description/share/ament_index/resource_index/package_run_dependencies/kuka_description
[0.074s] -- Up-to-date: /home/eniola/Eniola_Task_4/Task4solution/task4workspace/install/kuka_description/share/ament_index/resource_index/parent_prefix_path/kuka_description
[0.074s] -- Up-to-date: /home/eniola/Eniola_Task_4/Task4solution/task4workspace/install/kuka_description/share/kuka_description/environment/ament_prefix_path.sh
[0.074s] -- Up-to-date: /home/eniola/Eniola_Task_4/Task4solution/task4workspace/install/kuka_description/share/kuka_description/environment/ament_prefix_path.dsv
[0.074s] -- Up-to-date: /home/eniola/Eniola_Task_4/Task4solution/task4workspace/install/kuka_description/share/kuka_description/environment/path.sh
[0.074s] -- Up-to-date: /home/eniola/Eniola_Task_4/Task4solution/task4workspace/install/kuka_description/share/kuka_description/environment/path.dsv
[0.074s] -- Up-to-date: /home/eniola/Eniola_Task_4/Task4solution/task4workspace/install/kuka_description/share/kuka_description/local_setup.bash
[0.074s] -- Up-to-date: /home/eniola/Eniola_Task_4/Task4solution/task4workspace/install/kuka_description/share/kuka_description/local_setup.sh
[0.074s] -- Up-to-date: /home/eniola/Eniola_Task_4/Task4solution/task4workspace/install/kuka_description/share/kuka_description/local_setup.zsh
[0.074s] -- Up-to-date: /home/eniola/Eniola_Task_4/Task4solution/task4workspace/install/kuka_description/share/kuka_description/local_setup.dsv
[0.074s] -- Installing: /home/eniola/Eniola_Task_4/Task4solution/task4workspace/install/kuka_description/share/kuka_description/package.dsv
[0.074s] -- Up-to-date: /home/eniola/Eniola_Task_4/Task4solution/task4workspace/install/kuka_description/share/ament_index/resource_index/packages/kuka_description
[0.074s] -- Up-to-date: /home/eniola/Eniola_Task_4/Task4solution/task4workspace/install/kuka_description/share/kuka_description/cmake/kuka_descriptionConfig.cmake
[0.074s] -- Up-to-date: /home/eniola/Eniola_Task_4/Task4solution/task4workspace/install/kuka_description/share/kuka_description/cmake/kuka_descriptionConfig-version.cmake
[0.074s] -- Up-to-date: /home/eniola/Eniola_Task_4/Task4solution/task4workspace/install/kuka_description/share/kuka_description/package.xml
[0.075s] Invoked command in '/home/eniola/Eniola_Task_4/Task4solution/task4workspace/build/kuka_description' returned '0': CMAKE_PREFIX_PATH=/opt/ros/humble /usr/bin/cmake --install /home/eniola/Eniola_Task_4/Task4solution/task4workspace/build/kuka_description
