[0.009s] Invoking command in '/home/eniola/Eniola_Task_4/Task4solution/task4workspace/build/kuka_description': CMAKE_PREFIX_PATH=/opt/ros/humble /usr/bin/cmake /home/eniola/Eniola_Task_4/Task4solution/task4workspace/src/kuka_description -DCMAKE_INSTALL_PREFIX=/home/eniola/Eniola_Task_4/Task4solution/task4workspace/install/kuka_description
[0.082s] -- The C compiler identification is GNU 11.4.0
[0.156s] -- The CXX compiler identification is GNU 11.4.0
[0.166s] -- Detecting C compiler ABI info
[0.245s] -- Detecting C compiler ABI info - done
[0.255s] -- Check for working C compiler: /usr/bin/cc - skipped
[0.256s] -- Detecting C compile features
[0.257s] -- Detecting C compile features - done
[0.262s] -- Detecting CXX compiler ABI info
[0.364s] -- Detecting CXX compiler ABI info - done
[0.371s] -- Check for working CXX compiler: /usr/bin/c++ - skipped
[0.371s] -- Detecting CXX compile features
[0.372s] -- Detecting CXX compile features - done
[0.377s] -- Found ament_cmake: 1.3.12 (/opt/ros/humble/share/ament_cmake/cmake)
[0.564s] -- Found Python3: /usr/bin/python3 (found version "3.10.12") found components: Interpreter 
[0.671s] -- Found ament_lint_auto: 0.12.14 (/opt/ros/humble/share/ament_lint_auto/cmake)
[0.772s] -- Added test 'cppcheck' to perform static code analysis on C / C++ code
[0.773s] -- Configured cppcheck include dirs: 
[0.773s] -- Configured cppcheck exclude dirs and/or files: 
[0.775s] -- Added test 'flake8' to check Python code syntax and style conventions
[0.780s] -- Added test 'lint_cmake' to check CMake code style
[0.782s] -- Added test 'pep257' to check Python code against some of the docstring style conventions in PEP 257
[0.793s] -- Added test 'uncrustify' to check C / C++ code style
[0.793s] -- Configured uncrustify additional arguments: 
[0.795s] -- Added test 'xmllint' to check XML markup files
[0.796s] -- Configuring done
[0.798s] -- Generating done
[0.800s] -- Build files have been written to: /home/eniola/Eniola_Task_4/Task4solution/task4workspace/build/kuka_description
[0.808s] Invoked command in '/home/eniola/Eniola_Task_4/Task4solution/task4workspace/build/kuka_description' returned '0': CMAKE_PREFIX_PATH=/opt/ros/humble /usr/bin/cmake /home/eniola/Eniola_Task_4/Task4solution/task4workspace/src/kuka_description -DCMAKE_INSTALL_PREFIX=/home/eniola/Eniola_Task_4/Task4solution/task4workspace/install/kuka_description
[0.810s] Invoking command in '/home/eniola/Eniola_Task_4/Task4solution/task4workspace/build/kuka_description': CMAKE_PREFIX_PATH=/opt/ros/humble /usr/bin/cmake --build /home/eniola/Eniola_Task_4/Task4solution/task4workspace/build/kuka_description -- -j12 -l12
[0.850s] Invoked command in '/home/eniola/Eniola_Task_4/Task4solution/task4workspace/build/kuka_description' returned '0': CMAKE_PREFIX_PATH=/opt/ros/humble /usr/bin/cmake --build /home/eniola/Eniola_Task_4/Task4solution/task4workspace/build/kuka_description -- -j12 -l12
[0.865s] Invoking command in '/home/eniola/Eniola_Task_4/Task4solution/task4workspace/build/kuka_description': CMAKE_PREFIX_PATH=/opt/ros/humble /usr/bin/cmake --install /home/eniola/Eniola_Task_4/Task4solution/task4workspace/build/kuka_description
[0.874s] -- Install configuration: ""
[0.875s] -- Installing: /home/eniola/Eniola_Task_4/Task4solution/task4workspace/install/kuka_description/share/kuka_description//meshes
[0.875s] -- Installing: /home/eniola/Eniola_Task_4/Task4solution/task4workspace/install/kuka_description/share/kuka_description//meshes/link_5.dae
[0.877s] -- Installing: /home/eniola/Eniola_Task_4/Task4solution/task4workspace/install/kuka_description/share/kuka_description//meshes/log
[0.877s] -- Installing: /home/eniola/Eniola_Task_4/Task4solution/task4workspace/install/kuka_description/share/kuka_description//meshes/log/build_2025-10-20_20-22-48
[0.877s] -- Installing: /home/eniola/Eniola_Task_4/Task4solution/task4workspace/install/kuka_description/share/kuka_description//meshes/log/build_2025-10-20_20-22-48/logger_all.log
[0.877s] -- Installing: /home/eniola/Eniola_Task_4/Task4solution/task4workspace/install/kuka_description/share/kuka_description//meshes/log/build_2025-10-20_20-22-48/events.log
[0.878s] -- Installing: /home/eniola/Eniola_Task_4/Task4solution/task4workspace/install/kuka_description/share/kuka_description//meshes/log/latest
[0.878s] -- Installing: /home/eniola/Eniola_Task_4/Task4solution/task4workspace/install/kuka_description/share/kuka_description//meshes/log/latest_build
[0.878s] -- Installing: /home/eniola/Eniola_Task_4/Task4solution/task4workspace/install/kuka_description/share/kuka_description//meshes/log/COLCON_IGNORE
[0.878s] -- Installing: /home/eniola/Eniola_Task_4/Task4solution/task4workspace/install/kuka_description/share/kuka_description//meshes/install
[0.878s] -- Installing: /home/eniola/Eniola_Task_4/Task4solution/task4workspace/install/kuka_description/share/kuka_description//meshes/install/.colcon_install_layout
[0.878s] -- Installing: /home/eniola/Eniola_Task_4/Task4solution/task4workspace/install/kuka_description/share/kuka_description//meshes/install/local_setup.ps1
[0.878s] -- Installing: /home/eniola/Eniola_Task_4/Task4solution/task4workspace/install/kuka_description/share/kuka_description//meshes/install/local_setup.sh
[0.879s] -- Installing: /home/eniola/Eniola_Task_4/Task4solution/task4workspace/install/kuka_description/share/kuka_description//meshes/install/setup.bash
[0.879s] -- Installing: /home/eniola/Eniola_Task_4/Task4solution/task4workspace/install/kuka_description/share/kuka_description//meshes/install/_local_setup_util_ps1.py
[0.879s] -- Installing: /home/eniola/Eniola_Task_4/Task4solution/task4workspace/install/kuka_description/share/kuka_description//meshes/install/local_setup.bash
[0.879s] -- Installing: /home/eniola/Eniola_Task_4/Task4solution/task4workspace/install/kuka_description/share/kuka_description//meshes/install/setup.ps1
[0.879s] -- Installing: /home/eniola/Eniola_Task_4/Task4solution/task4workspace/install/kuka_description/share/kuka_description//meshes/install/setup.zsh
[0.879s] -- Installing: /home/eniola/Eniola_Task_4/Task4solution/task4workspace/install/kuka_description/share/kuka_description//meshes/install/setup.sh
[0.879s] -- Installing: /home/eniola/Eniola_Task_4/Task4solution/task4workspace/install/kuka_description/share/kuka_description//meshes/install/COLCON_IGNORE
[0.879s] -- Installing: /home/eniola/Eniola_Task_4/Task4solution/task4workspace/install/kuka_description/share/kuka_description//meshes/install/_local_setup_util_sh.py
[0.880s] -- Installing: /home/eniola/Eniola_Task_4/Task4solution/task4workspace/install/kuka_description/share/kuka_description//meshes/install/local_setup.zsh
[0.880s] -- Installing: /home/eniola/Eniola_Task_4/Task4solution/task4workspace/install/kuka_description/share/kuka_description//meshes/link_7.dae
[0.880s] -- Installing: /home/eniola/Eniola_Task_4/Task4solution/task4workspace/install/kuka_description/share/kuka_description//meshes/link_4.dae
[0.882s] -- Installing: /home/eniola/Eniola_Task_4/Task4solution/task4workspace/install/kuka_description/share/kuka_description//meshes/link_3.dae
[0.883s] -- Installing: /home/eniola/Eniola_Task_4/Task4solution/task4workspace/install/kuka_description/share/kuka_description//meshes/link_6.dae
[0.885s] -- Installing: /home/eniola/Eniola_Task_4/Task4solution/task4workspace/install/kuka_description/share/kuka_description//meshes/link_0.dae
[0.886s] -- Installing: /home/eniola/Eniola_Task_4/Task4solution/task4workspace/install/kuka_description/share/kuka_description//meshes/link_1.dae
[0.888s] -- Installing: /home/eniola/Eniola_Task_4/Task4solution/task4workspace/install/kuka_description/share/kuka_description//meshes/link_2.dae
[0.890s] -- Installing: /home/eniola/Eniola_Task_4/Task4solution/task4workspace/install/kuka_description/share/kuka_description//meshes/build
[0.890s] -- Installing: /home/eniola/Eniola_Task_4/Task4solution/task4workspace/install/kuka_description/share/kuka_description//meshes/build/.built_by
[0.890s] -- Installing: /home/eniola/Eniola_Task_4/Task4solution/task4workspace/install/kuka_description/share/kuka_description//meshes/build/COLCON_IGNORE
[0.890s] -- Installing: /home/eniola/Eniola_Task_4/Task4solution/task4workspace/install/kuka_description/share/kuka_description//urdf
[0.890s] -- Installing: /home/eniola/Eniola_Task_4/Task4solution/task4workspace/install/kuka_description/share/kuka_description//urdf/kuka.urdf
[0.890s] -- Installing: /home/eniola/Eniola_Task_4/Task4solution/task4workspace/install/kuka_description/share/ament_index/resource_index/package_run_dependencies/kuka_description
[0.890s] -- Installing: /home/eniola/Eniola_Task_4/Task4solution/task4workspace/install/kuka_description/share/ament_index/resource_index/parent_prefix_path/kuka_description
[0.891s] -- Installing: /home/eniola/Eniola_Task_4/Task4solution/task4workspace/install/kuka_description/share/kuka_description/environment/ament_prefix_path.sh
[0.891s] -- Installing: /home/eniola/Eniola_Task_4/Task4solution/task4workspace/install/kuka_description/share/kuka_description/environment/ament_prefix_path.dsv
[0.891s] -- Installing: /home/eniola/Eniola_Task_4/Task4solution/task4workspace/install/kuka_description/share/kuka_description/environment/path.sh
[0.891s] -- Installing: /home/eniola/Eniola_Task_4/Task4solution/task4workspace/install/kuka_description/share/kuka_description/environment/path.dsv
[0.891s] -- Installing: /home/eniola/Eniola_Task_4/Task4solution/task4workspace/install/kuka_description/share/kuka_description/local_setup.bash
[0.891s] -- Installing: /home/eniola/Eniola_Task_4/Task4solution/task4workspace/install/kuka_description/share/kuka_description/local_setup.sh
[0.892s] -- Installing: /home/eniola/Eniola_Task_4/Task4solution/task4workspace/install/kuka_description/share/kuka_description/local_setup.zsh
[0.892s] -- Installing: /home/eniola/Eniola_Task_4/Task4solution/task4workspace/install/kuka_description/share/kuka_description/local_setup.dsv
[0.892s] -- Installing: /home/eniola/Eniola_Task_4/Task4solution/task4workspace/install/kuka_description/share/kuka_description/package.dsv
[0.892s] -- Installing: /home/eniola/Eniola_Task_4/Task4solution/task4workspace/install/kuka_description/share/ament_index/resource_index/packages/kuka_description
[0.892s] -- Installing: /home/eniola/Eniola_Task_4/Task4solution/task4workspace/install/kuka_description/share/kuka_description/cmake/kuka_descriptionConfig.cmake
[0.892s] -- Installing: /home/eniola/Eniola_Task_4/Task4solution/task4workspace/install/kuka_description/share/kuka_description/cmake/kuka_descriptionConfig-version.cmake
[0.892s] -- Installing: /home/eniola/Eniola_Task_4/Task4solution/task4workspace/install/kuka_description/share/kuka_description/package.xml
[0.894s] Invoked command in '/home/eniola/Eniola_Task_4/Task4solution/task4workspace/build/kuka_description' returned '0': CMAKE_PREFIX_PATH=/opt/ros/humble /usr/bin/cmake --install /home/eniola/Eniola_Task_4/Task4solution/task4workspace/build/kuka_description
