[0.009s] Invoking command in '/home/eniola/Task4solution/task4workspace/kuka_description/build/kuka_description': CMAKE_PREFIX_PATH=/opt/ros/humble /usr/bin/cmake /home/eniola/Task4solution/task4workspace/kuka_description -DAMENT_CMAKE_SYMLINK_INSTALL=1 -DCMAKE_INSTALL_PREFIX=/home/eniola/Task4solution/task4workspace/kuka_description/install/kuka_description
[0.125s] -- The C compiler identification is GNU 11.4.0
[0.204s] -- The CXX compiler identification is GNU 11.4.0
[0.214s] -- Detecting C compiler ABI info
[0.288s] -- Detecting C compiler ABI info - done
[0.294s] -- Check for working C compiler: /usr/bin/cc - skipped
[0.295s] -- Detecting C compile features
[0.296s] -- Detecting C compile features - done
[0.300s] -- Detecting CXX compiler ABI info
[0.390s] -- Detecting CXX compiler ABI info - done
[0.397s] -- Check for working CXX compiler: /usr/bin/c++ - skipped
[0.398s] -- Detecting CXX compile features
[0.399s] -- Detecting CXX compile features - done
[0.405s] -- Found ament_cmake: 1.3.12 (/opt/ros/humble/share/ament_cmake/cmake)
[0.580s] -- Found Python3: /usr/bin/python3 (found version "3.10.12") found components: Interpreter 
[0.646s] -- Override CMake install command with custom implementation using symlinks instead of copying resources
[0.677s] -- Found ament_lint_auto: 0.12.14 (/opt/ros/humble/share/ament_lint_auto/cmake)
[0.755s] -- Added test 'cppcheck' to perform static code analysis on C / C++ code
[0.755s] -- Configured cppcheck include dirs: 
[0.755s] -- Configured cppcheck exclude dirs and/or files: 
[0.756s] -- Added test 'lint_cmake' to check CMake code style
[0.762s] -- Added test 'uncrustify' to check C / C++ code style
[0.762s] -- Configured uncrustify additional arguments: 
[0.763s] -- Added test 'xmllint' to check XML markup files
[0.766s] -- Configuring done
[0.768s] -- Generating done
[0.770s] -- Build files have been written to: /home/eniola/Task4solution/task4workspace/kuka_description/build/kuka_description
[0.773s] Invoked command in '/home/eniola/Task4solution/task4workspace/kuka_description/build/kuka_description' returned '0': CMAKE_PREFIX_PATH=/opt/ros/humble /usr/bin/cmake /home/eniola/Task4solution/task4workspace/kuka_description -DAMENT_CMAKE_SYMLINK_INSTALL=1 -DCMAKE_INSTALL_PREFIX=/home/eniola/Task4solution/task4workspace/kuka_description/install/kuka_description
[0.776s] Invoking command in '/home/eniola/Task4solution/task4workspace/kuka_description/build/kuka_description': CMAKE_PREFIX_PATH=/opt/ros/humble /usr/bin/cmake --build /home/eniola/Task4solution/task4workspace/kuka_description/build/kuka_description -- -j12 -l12
[0.813s] Invoked command in '/home/eniola/Task4solution/task4workspace/kuka_description/build/kuka_description' returned '0': CMAKE_PREFIX_PATH=/opt/ros/humble /usr/bin/cmake --build /home/eniola/Task4solution/task4workspace/kuka_description/build/kuka_description -- -j12 -l12
[0.825s] Invoking command in '/home/eniola/Task4solution/task4workspace/kuka_description/build/kuka_description': CMAKE_PREFIX_PATH=/opt/ros/humble /usr/bin/cmake --install /home/eniola/Task4solution/task4workspace/kuka_description/build/kuka_description
[0.837s] -- Install configuration: ""
[0.837s] -- Execute custom install script
[0.838s] -- Symlinking: /home/eniola/Task4solution/task4workspace/kuka_description/install/kuka_description/share/kuka_description/meshes/link_0.dae
[0.844s] -- Symlinking: /home/eniola/Task4solution/task4workspace/kuka_description/install/kuka_description/share/kuka_description/meshes/link_1.dae
[0.853s] -- Symlinking: /home/eniola/Task4solution/task4workspace/kuka_description/install/kuka_description/share/kuka_description/meshes/link_2.dae
[0.861s] -- Symlinking: /home/eniola/Task4solution/task4workspace/kuka_description/install/kuka_description/share/kuka_description/meshes/link_3.dae
[0.870s] -- Symlinking: /home/eniola/Task4solution/task4workspace/kuka_description/install/kuka_description/share/kuka_description/meshes/link_4.dae
[0.878s] -- Symlinking: /home/eniola/Task4solution/task4workspace/kuka_description/install/kuka_description/share/kuka_description/meshes/link_5.dae
[0.887s] -- Symlinking: /home/eniola/Task4solution/task4workspace/kuka_description/install/kuka_description/share/kuka_description/meshes/link_6.dae
[0.895s] -- Symlinking: /home/eniola/Task4solution/task4workspace/kuka_description/install/kuka_description/share/kuka_description/meshes/link_7.dae
[0.905s] [31mCMake Error at ament_cmake_symlink_install/ament_cmake_symlink_install.cmake:100 (message):
[0.906s]   ament_cmake_symlink_install_directory() can't find
[0.906s]   '/home/eniola/Task4solution/task4workspace/kuka_description/urdf'
[0.906s] Call Stack (most recent call first):
[0.906s]   ament_cmake_symlink_install/ament_cmake_symlink_install.cmake:314 (ament_cmake_symlink_install_directory)
[0.906s]   cmake_install.cmake:46 (include)
[0.906s] 
[0.906s] [0m
[0.907s] Invoked command in '/home/eniola/Task4solution/task4workspace/kuka_description/build/kuka_description' returned '1': CMAKE_PREFIX_PATH=/opt/ros/humble /usr/bin/cmake --install /home/eniola/Task4solution/task4workspace/kuka_description/build/kuka_description
