[0.010s] Invoking command in '/home/eniola/Task4solution/task4workspace/kuka_description/build/kuka_description': CMAKE_PREFIX_PATH=/opt/ros/humble /usr/bin/cmake /home/eniola/Task4solution/task4workspace/kuka_description -DAMENT_CMAKE_SYMLINK_INSTALL=1 -DCMAKE_INSTALL_PREFIX=/home/eniola/Task4solution/task4workspace/kuka_description/install/kuka_description
[0.025s] -- Found ament_cmake: 1.3.12 (/opt/ros/humble/share/ament_cmake/cmake)
[0.143s] -- Override CMake install command with custom implementation using symlinks instead of copying resources
[0.153s] -- Found ament_lint_auto: 0.12.14 (/opt/ros/humble/share/ament_lint_auto/cmake)
[0.220s] -- Added test 'cppcheck' to perform static code analysis on C / C++ code
[0.220s] -- Configured cppcheck include dirs: 
[0.220s] -- Configured cppcheck exclude dirs and/or files: 
[0.220s] -- Added test 'flake8' to check Python code syntax and style conventions
[0.222s] -- Added test 'lint_cmake' to check CMake code style
[0.223s] -- Added test 'pep257' to check Python code against some of the docstring style conventions in PEP 257
[0.228s] -- Added test 'uncrustify' to check C / C++ code style
[0.228s] -- Configured uncrustify additional arguments: 
[0.229s] -- Added test 'xmllint' to check XML markup files
[0.230s] -- Configuring done
[0.234s] -- Generating done
[0.236s] -- Build files have been written to: /home/eniola/Task4solution/task4workspace/kuka_description/build/kuka_description
[0.242s] Invoked command in '/home/eniola/Task4solution/task4workspace/kuka_description/build/kuka_description' returned '0': CMAKE_PREFIX_PATH=/opt/ros/humble /usr/bin/cmake /home/eniola/Task4solution/task4workspace/kuka_description -DAMENT_CMAKE_SYMLINK_INSTALL=1 -DCMAKE_INSTALL_PREFIX=/home/eniola/Task4solution/task4workspace/kuka_description/install/kuka_description
[0.243s] Invoking command in '/home/eniola/Task4solution/task4workspace/kuka_description/build/kuka_description': CMAKE_PREFIX_PATH=/opt/ros/humble /usr/bin/cmake --build /home/eniola/Task4solution/task4workspace/kuka_description/build/kuka_description -- -j12 -l12
[0.280s] Invoked command in '/home/eniola/Task4solution/task4workspace/kuka_description/build/kuka_description' returned '0': CMAKE_PREFIX_PATH=/opt/ros/humble /usr/bin/cmake --build /home/eniola/Task4solution/task4workspace/kuka_description/build/kuka_description -- -j12 -l12
[0.291s] Invoking command in '/home/eniola/Task4solution/task4workspace/kuka_description/build/kuka_description': CMAKE_PREFIX_PATH=/opt/ros/humble /usr/bin/cmake --install /home/eniola/Task4solution/task4workspace/kuka_description/build/kuka_description
[0.300s] -- Install configuration: ""
[0.301s] -- Execute custom install script
[0.302s] -- Up-to-date symlink: /home/eniola/Task4solution/task4workspace/kuka_description/install/kuka_description/share/kuka_description/meshes/link_0.dae
[0.303s] -- Up-to-date symlink: /home/eniola/Task4solution/task4workspace/kuka_description/install/kuka_description/share/kuka_description/meshes/link_1.dae
[0.304s] -- Up-to-date symlink: /home/eniola/Task4solution/task4workspace/kuka_description/install/kuka_description/share/kuka_description/meshes/link_2.dae
[0.304s] -- Up-to-date symlink: /home/eniola/Task4solution/task4workspace/kuka_description/install/kuka_description/share/kuka_description/meshes/link_3.dae
[0.304s] -- Up-to-date symlink: /home/eniola/Task4solution/task4workspace/kuka_description/install/kuka_description/share/kuka_description/meshes/link_4.dae
[0.304s] -- Up-to-date symlink: /home/eniola/Task4solution/task4workspace/kuka_description/install/kuka_description/share/kuka_description/meshes/link_5.dae
[0.304s] -- Up-to-date symlink: /home/eniola/Task4solution/task4workspace/kuka_description/install/kuka_description/share/kuka_description/meshes/link_6.dae
[0.305s] -- Up-to-date symlink: /home/eniola/Task4solution/task4workspace/kuka_description/install/kuka_description/share/kuka_description/meshes/link_7.dae
[0.305s] [31mCMake Error at ament_cmake_symlink_install/ament_cmake_symlink_install.cmake:100 (message):
[0.305s]   ament_cmake_symlink_install_directory() can't find
[0.306s]   '/home/eniola/Task4solution/task4workspace/kuka_description/urdf'
[0.306s] Call Stack (most recent call first):
[0.307s]   ament_cmake_symlink_install/ament_cmake_symlink_install.cmake:314 (ament_cmake_symlink_install_directory)
[0.307s]   cmake_install.cmake:46 (include)
[0.307s] 
[0.307s] [0m
[0.309s] Invoked command in '/home/eniola/Task4solution/task4workspace/kuka_description/build/kuka_description' returned '1': CMAKE_PREFIX_PATH=/opt/ros/humble /usr/bin/cmake --install /home/eniola/Task4solution/task4workspace/kuka_description/build/kuka_description
